<?xml version="1.0" encoding="utf-8"?><testsuites name="pytest tests"><testsuite name="pytest" errors="0" failures="0" skipped="0" tests="38" time="14.450" timestamp="2026-05-28T13:35:12.778030+00:00" hostname="agent-env-2a858b91-5b80-42e1-86b7-27fd79937ed8"><testcase classname="tests.test_iter17_privacy.TestRegistrationConsent" name="test_register_without_consent_blocked" time="0.005" /><testcase classname="tests.test_iter17_privacy.TestRegistrationConsent" name="test_register_with_consent_persists_policy_version" time="0.233" /><testcase classname="tests.test_iter17_privacy.TestPublicForms" name="test_data_rights_request_returns_30_day_due_at" time="0.003" /><testcase classname="tests.test_iter17_privacy.TestPublicForms" name="test_data_rights_request_rejects_invalid_type" time="0.002" /><testcase classname="tests.test_iter17_privacy.TestMeEndpoints" name="test_export_returns_zip_with_json_payload" time="0.280" /><testcase classname="tests.test_iter17_privacy.TestMeEndpoints" name="test_marketing_prefs_toggle" time="0.315" /><testcase classname="tests.test_iter17_privacy.TestMeEndpoints" name="test_deletion_schedule_and_cancel_roundtrip" time="0.544" /><testcase classname="tests.test_iter17_privacy.TestAdminQueue" name="test_admin_can_list_and_update" time="0.269" /><testcase classname="tests.test_iter17_privacy.TestAdminQueue" name="test_non_admin_cannot_list" time="0.272" /><testcase classname="tests.test_iter16_quotes_thread" name="test_quotes_enriched_payload" time="0.566" /><testcase classname="tests.test_iter16_quotes_thread" name="test_quotes_status_buckets" time="0.083" /><testcase classname="tests.test_iter16_quotes_thread" name="test_thread_for_pro_exposes_other_pro_id" time="0.141" /><testcase classname="tests.test_iter12_attachments.TestGenericUpload" name="test_upload_jpeg_works" time="0.273" /><testcase classname="tests.test_iter12_attachments.TestGenericUpload" name="test_upload_pdf_works" time="0.271" /><testcase classname="tests.test_iter12_attachments.TestGenericUpload" name="test_upload_rejects_disallowed_mime" time="0.271" /><testcase classname="tests.test_iter12_attachments.TestGenericUpload" name="test_upload_rejects_oversize" time="0.302" /><testcase classname="tests.test_iter12_attachments.TestGenericUpload" name="test_upload_requires_auth" time="0.002" /><testcase classname="tests.test_iter12_attachments.TestJobAttachments" name="test_post_job_with_attachments" time="0.361" /><testcase classname="tests.test_iter12_attachments.TestJobAttachments" name="test_post_job_rejects_too_many_attachments" time="0.315" /><testcase classname="tests.test_iter12_attachments.TestMessageAttachments" name="test_send_message_with_image_attachment" time="0.581" /><testcase classname="tests.test_iter12_attachments.TestOneHourSlotMigration" name="test_seed_uses_one_hour_slots" time="0.011" /><testcase classname="tests.test_iter11_pro_analytics.TestProInsightsShape" name="test_pro_insights_returns_200_with_all_required_keys" time="0.401" /><testcase classname="tests.test_iter11_pro_analytics.TestProInsightsShape" name="test_pro_insights_homeowner_forbidden" time="0.448" /><testcase classname="tests.test_iter11_pro_analytics.TestProInsightsPlanTier" name="test_plan_tier_reflects_mongo_value" time="0.168" /><testcase classname="tests.test_iter11_pro_analytics.TestProsListPriority" name="test_pros_endpoint_returns_pro_tier_first_when_promoted" time="0.072" /><testcase classname="tests.test_iter11_pro_analytics.TestBillingBenefits" name="test_billing_endpoint_or_returns_200" time="0.125" /><testcase classname="tests.test_iter10_pro_perks.TestProTierPortfolioCap" name="test_pro_tier_cap_is_30_in_response" time="0.415" /><testcase classname="tests.test_iter10_pro_perks.TestProTierFeaturedSort" name="test_pros_list_sorts_pro_tier_first" time="0.276" /><testcase classname="tests.test_iteration9.TestNotificationsClear" name="test_clear_all_notifications" time="2.390" /><testcase classname="tests.test_iteration9.TestNextInvoice" name="test_pro_next_invoice" time="0.049" /><testcase classname="tests.test_iteration9.TestNextInvoice" name="test_homeowner_forbidden" time="0.058" /><testcase classname="tests.test_iteration9.TestAdminRunMonthly" name="test_admin_ok" time="0.409" /><testcase classname="tests.test_iteration9.TestAdminRunMonthly" name="test_non_admin_forbidden" time="0.057" /><testcase classname="tests.test_iteration9.TestProEndpointsBookings" name="test_pros_detail_has_bookings_and_avail" time="0.110" /><testcase classname="tests.test_iteration9.TestProEndpointsBookings" name="test_pros_bookings_endpoint" time="0.170" /><testcase classname="tests.test_iteration9.TestFeeDueAt" name="test_quote_accept_stamps_due_at" time="0.284" /><testcase classname="tests.test_iteration9.TestPushPlanTier" name="test_standard_pro_no_instant_match" time="2.341" /><testcase classname="tests.test_iter9_pro_tier_push" name="test_pro_tier_instant_push" time="1.456" /></testsuite></testsuites>