<?xml version="1.0" encoding="utf-8"?><testsuites name="pytest tests"><testsuite name="pytest" errors="0" failures="0" skipped="1" tests="11" time="1.893" timestamp="2026-05-31T15:01:26.196904+00:00" hostname="agent-env-2a858b91-5b80-42e1-86b7-27fd79937ed8"><testcase classname="backend.tests.test_iter24_invoicing" name="test_company_settings_put_then_get" time="0.593" /><testcase classname="backend.tests.test_iter24_invoicing" name="test_settings_403_for_non_admin" time="0.400" /><testcase classname="backend.tests.test_iter24_invoicing" name="test_generate_subscriptions_is_net_exclusive" time="0.106" /><testcase classname="backend.tests.test_iter24_invoicing" name="test_generate_subscriptions_is_idempotent" time="0.129" /><testcase classname="backend.tests.test_iter24_invoicing" name="test_generate_fees_endpoint" time="0.062" /><testcase classname="backend.tests.test_iter24_invoicing" name="test_invoice_pdf_is_valid" time="0.118" /><testcase classname="backend.tests.test_iter24_invoicing" name="test_storno_creates_mirrored_negative_credit_note" time="0.053"><skipped type="pytest.skip" message="No active subscription invoice to storno.">/app/backend/tests/test_iter24_invoicing.py:138: No active subscription invoice to storno.</skipped></testcase><testcase classname="backend.tests.test_iter24_invoicing" name="test_storno_cannot_storno_a_storno" time="0.121" /><testcase classname="backend.tests.test_iter24_invoicing" name="test_fees_grouped_endpoint" time="0.060" /><testcase classname="backend.tests.test_iter24_invoicing" name="test_storno_for_non_admin_is_blocked" time="0.063" /><testcase classname="backend.tests.test_iter24_invoicing" name="test_kleinunternehmer_toggle_drops_vat" time="0.169" /></testsuite></testsuites>