<?xml version="1.0" encoding="utf-8"?><testsuites name="pytest tests"><testsuite name="pytest" errors="0" failures="0" skipped="0" tests="13" time="6.488" timestamp="2026-05-25T22:16:13.876359+00:00" hostname="agent-env-2a858b91-5b80-42e1-86b7-27fd79937ed8"><testcase classname="tests.test_iteration2.TestAIClassify" name="test_classify_homeowner_plumbing" time="3.248" /><testcase classname="tests.test_iteration2.TestAIClassify" name="test_classify_role_guard_pro_forbidden" time="0.396" /><testcase classname="tests.test_iteration2.TestQuoteAcceptFlow" name="test_create_quote_does_not_log_fee_yet" time="0.154" /><testcase classname="tests.test_iteration2.TestQuoteAcceptFlow" name="test_accept_quote_flow" time="0.154" /><testcase classname="tests.test_iteration2.TestShareLocationAndContact" name="test_share_location_requires_in_progress" time="0.103" /><testcase classname="tests.test_iteration2.TestShareLocationAndContact" name="test_share_location_in_progress" time="0.257" /><testcase classname="tests.test_iteration2.TestShareLocationAndContact" name="test_contact_endpoint_returns_pro_and_homeowner" time="0.050" /><testcase classname="tests.test_iteration2.TestShareLocationAndContact" name="test_contact_pre_acceptance_forbidden" time="0.100" /><testcase classname="tests.test_iteration2.TestPortfolio" name="test_upload_and_delete" time="1.086" /><testcase classname="tests.test_iteration2.TestBillingIter2" name="test_cancel_subscription_when_standard_returns_400" time="0.098" /><testcase classname="tests.test_iteration2.TestBillingIter2" name="test_pay_outstanding" time="0.633" /><testcase classname="tests.test_iteration2.TestSearchAndThread" name="test_search_q_sink" time="0.049" /><testcase classname="tests.test_iteration2.TestSearchAndThread" name="test_thread_returns_other_pro_id" time="0.107" /></testsuite></testsuites>