<?xml version="1.0" encoding="utf-8"?><testsuites name="pytest tests"><testsuite name="pytest" errors="0" failures="0" skipped="1" tests="14" time="2.344" timestamp="2026-05-26T10:39:21.865203+00:00" hostname="agent-env-2a858b91-5b80-42e1-86b7-27fd79937ed8"><testcase classname="backend.tests.test_iteration6_admin.TestCategoryFees" name="test_set_fee_below_min_returns_400" time="0.487" /><testcase classname="backend.tests.test_iteration6_admin.TestCategoryFees" name="test_set_fee_valid_returns_200_and_persists" time="0.095" /><testcase classname="backend.tests.test_iteration6_admin.TestOverviewEndpoints" name="test_category_revenue_shape" time="0.046" /><testcase classname="backend.tests.test_iteration6_admin.TestOverviewEndpoints" name="test_recent_activity_sorted_desc" time="0.046" /><testcase classname="backend.tests.test_iteration6_admin.TestOverviewEndpoints" name="test_revenue_timeseries" time="0.046" /><testcase classname="backend.tests.test_iteration6_admin.TestBilling" name="test_billing_stats_keys" time="0.048" /><testcase classname="backend.tests.test_iteration6_admin.TestBilling" name="test_invoices_shape" time="0.048" /><testcase classname="backend.tests.test_iteration6_admin.TestBilling" name="test_export_csv" time="0.048" /><testcase classname="backend.tests.test_iteration6_admin.TestBilling" name="test_retry_invoice" time="0.142" /><testcase classname="backend.tests.test_iteration6_admin.TestModeration" name="test_delete_job_soft_cancels" time="0.152" /><testcase classname="backend.tests.test_iteration6_admin.TestModeration" name="test_delete_review_soft_hides" time="0.045"><skipped type="pytest.skip" message="no visible review to hide">/app/backend/tests/test_iteration6_admin.py:153: no visible review to hide</skipped></testcase><testcase classname="backend.tests.test_iteration6_admin.TestModeration" name="test_ban_user_toggles_banned" time="0.139" /><testcase classname="backend.tests.test_iteration6_admin.TestRBAC" name="test_homeowner_blocked" time="0.532" /><testcase classname="backend.tests.test_iteration6_admin.TestRBAC" name="test_pro_blocked" time="0.428" /></testsuite></testsuites>