<?xml version="1.0" encoding="utf-8"?><testsuites name="pytest tests"><testsuite name="pytest" errors="0" failures="0" skipped="1" tests="36" time="3.640" timestamp="2026-06-02T07:06:52.680616+00:00" hostname="agent-env-2a858b91-5b80-42e1-86b7-27fd79937ed8"><testcase classname="backend.tests.test_iter36_feedback_support.TestFeedbackSubmission" name="test_homeowner_submit_feedback_kind" time="0.408" /><testcase classname="backend.tests.test_iter36_feedback_support.TestFeedbackSubmission" name="test_pro_submit_feature" time="0.417" /><testcase classname="backend.tests.test_iter36_feedback_support.TestFeedbackSubmission" name="test_submit_issue" time="0.049" /><testcase classname="backend.tests.test_iter36_feedback_support.TestFeedbackSubmission" name="test_bad_kind_rejected" time="0.056" /><testcase classname="backend.tests.test_iter36_feedback_support.TestFeedbackSubmission" name="test_short_subject_rejected" time="0.052" /><testcase classname="backend.tests.test_iter36_feedback_support.TestFeedbackSubmission" name="test_short_message_rejected" time="0.050" /><testcase classname="backend.tests.test_iter36_feedback_support.TestFeedbackSubmission" name="test_anon_cannot_submit" time="0.098" /><testcase classname="backend.tests.test_iter36_feedback_support.TestFeedbackMine" name="test_mine_returns_own_items" time="0.101" /><testcase classname="backend.tests.test_iter36_feedback_support.TestSupportTickets" name="test_support_requires_valid_job" time="0.049" /><testcase classname="backend.tests.test_iter36_feedback_support.TestSupportTickets" name="test_support_bad_category" time="0.116" /><testcase classname="backend.tests.test_iter36_feedback_support.TestSupportTickets" name="test_homeowner_can_file_on_own_job" time="0.137" /><testcase classname="backend.tests.test_iter36_feedback_support.TestSupportTickets" name="test_pro_not_party_403" time="0.109"><skipped type="pytest.skip" message="public /api/jobs unavailable">/app/backend/tests/test_iter36_feedback_support.py:144: public /api/jobs unavailable</skipped></testcase><testcase classname="backend.tests.test_iter36_feedback_support.TestAdminFeedback" name="test_admin_403_for_non_admin" time="0.053" /><testcase classname="backend.tests.test_iter36_feedback_support.TestAdminFeedback" name="test_admin_403_for_pro" time="0.052" /><testcase classname="backend.tests.test_iter36_feedback_support.TestAdminFeedback" name="test_admin_list_shape" time="0.380" /><testcase classname="backend.tests.test_iter36_feedback_support.TestAdminFeedback" name="test_admin_per_page_cap" time="0.051" /><testcase classname="backend.tests.test_iter36_feedback_support.TestAdminFeedback" name="test_admin_kind_filter" time="0.052" /><testcase classname="backend.tests.test_iter36_feedback_support.TestAdminFeedback" name="test_admin_search_q" time="0.049" /><testcase classname="backend.tests.test_iter36_feedback_support.TestAdminFeedback" name="test_admin_patch_status_resolved_and_response" time="0.169" /><testcase classname="backend.tests.test_iter36_feedback_support.TestAdminFeedback" name="test_admin_patch_bad_status_400" time="0.101" /><testcase classname="backend.tests.test_iter36_feedback_support.TestAdminFeedback" name="test_admin_patch_404" time="0.047" /><testcase classname="backend.tests.test_iter36_feedback_support.TestAdminSupport" name="test_admin_support_403_non_admin" time="0.051" /><testcase classname="backend.tests.test_iter36_feedback_support.TestAdminSupport" name="test_admin_support_list_shape" time="0.055" /><testcase classname="backend.tests.test_iter36_feedback_support.TestAdminSupport" name="test_admin_support_category_filter" time="0.052" /><testcase classname="backend.tests.test_iter36_feedback_support.TestAdminSupport" name="test_admin_support_patch_resolved" time="0.212" /><testcase classname="backend.tests.test_iter36_feedback_support.TestLogoAutoApprove" name="test_logo_upload_auto_approved" time="0.103" /><testcase classname="backend.tests.test_iter36_feedback_support.TestAdminFiltersPagination" name="test_users_pagination_filter" time="0.071" /><testcase classname="backend.tests.test_iter36_feedback_support.TestAdminFiltersPagination" name="test_users_search_q" time="0.046" /><testcase classname="backend.tests.test_iter36_feedback_support.TestAdminFiltersPagination" name="test_users_per_page_cap" time="0.047" /><testcase classname="backend.tests.test_iter36_feedback_support.TestAdminFiltersPagination" name="test_jobs_pagination_buckets" time="0.056" /><testcase classname="backend.tests.test_iter36_feedback_support.TestAdminFiltersPagination" name="test_jobs_status_filter" time="0.057" /><testcase classname="backend.tests.test_iter36_feedback_support.TestAdminFiltersPagination" name="test_jobs_year_month_filter" time="0.055" /><testcase classname="backend.tests.test_iter36_feedback_support.TestAdminFiltersPagination" name="test_reviews_filters" time="0.059" /><testcase classname="backend.tests.test_iter36_feedback_support.TestAdminFiltersPagination" name="test_verifications_filters" time="0.050" /><testcase classname="backend.tests.test_iter36_feedback_support.TestAdminFiltersPagination" name="test_invoices_filters" time="0.050" /><testcase classname="backend.tests.test_iter36_feedback_support.TestAdminFiltersPagination" name="test_non_admin_blocked_users" time="0.050" /></testsuite></testsuites>