<?xml version="1.0" encoding="utf-8"?><testsuites name="pytest tests"><testsuite name="pytest" errors="0" failures="0" skipped="0" tests="7" time="10.186" timestamp="2026-06-05T22:19:31.315266+00:00" hostname="agent-env-6c9498b9-3cf4-4308-bc3c-6a9436755c62"><testcase classname="backend.tests.test_iter53_live_location.TestPostLiveLocation" name="test_post_returns_session_and_dest" time="9.061" /><testcase classname="backend.tests.test_iter53_live_location.TestPostLiveLocation" name="test_post_rejects_homeowner" time="0.458" /><testcase classname="backend.tests.test_iter53_live_location.TestPostLiveLocation" name="test_post_invalid_job_id" time="0.050" /><testcase classname="backend.tests.test_iter53_live_location.TestGetLiveLocation" name="test_get_existing_session" time="0.051" /><testcase classname="backend.tests.test_iter53_live_location.TestGetLiveLocation" name="test_get_fresh_session_has_dest" time="0.159" /><testcase classname="backend.tests.test_iter53_live_location.TestPatchLiveLocation" name="test_patch_updates_position" time="0.164" /><testcase classname="backend.tests.test_iter53_live_location.TestDeleteLiveLocation" name="test_delete_stops_session" time="0.214" /></testsuite></testsuites>