<?xml version="1.0" encoding="utf-8"?><testsuites name="pytest tests"><testsuite name="pytest" errors="0" failures="0" skipped="0" tests="5" time="1.901" timestamp="2026-06-10T16:24:03.504729+00:00" hostname="agent-env-6193ca59-4eb8-4cfa-ab0c-ccc9dfcae7fa"><testcase classname="backend.tests.test_iter63_jobfile_export" name="test_pro_export_all_languages" time="0.829" /><testcase classname="backend.tests.test_iter63_jobfile_export" name="test_pro_export_pdf_has_sections" time="0.197" /><testcase classname="backend.tests.test_iter63_jobfile_export" name="test_pro_export_blocked_when_not_done" time="0.169" /><testcase classname="backend.tests.test_iter63_jobfile_export" name="test_homeowner_export_own_completed_project" time="0.616" /><testcase classname="backend.tests.test_iter63_jobfile_export" name="test_pro_cannot_use_homeowner_export_endpoint" time="0.070" /></testsuite></testsuites>