<?xml version="1.0" encoding="utf-8"?><testsuites name="pytest tests"><testsuite name="pytest" errors="0" failures="0" skipped="0" tests="10" time="2.925" timestamp="2026-06-01T13:45:41.560493+00:00" hostname="agent-env-2a858b91-5b80-42e1-86b7-27fd79937ed8"><testcase classname="backend.tests.test_iter33_payments_storno_tax_p1" name="test_record_partial_payment_then_full" time="0.779" /><testcase classname="backend.tests.test_iter33_payments_storno_tax_p1" name="test_delete_payment_reverts_status" time="0.163" /><testcase classname="backend.tests.test_iter33_payments_storno_tax_p1" name="test_storno_or_cancelled_cannot_accept_payment" time="0.104" /><testcase classname="backend.tests.test_iter33_payments_storno_tax_p1" name="test_issue_storno_creates_negative_invoice" time="0.160" /><testcase classname="backend.tests.test_iter33_payments_storno_tax_p1" name="test_cannot_storno_a_storno" time="0.148" /><testcase classname="backend.tests.test_iter33_payments_storno_tax_p1" name="test_cannot_double_storno" time="0.110" /><testcase classname="backend.tests.test_iter33_payments_storno_tax_p1" name="test_accountant_share_token_lifecycle" time="0.685" /><testcase classname="backend.tests.test_iter33_payments_storno_tax_p1" name="test_accountant_share_rotates_token" time="0.281" /><testcase classname="backend.tests.test_iter33_payments_storno_tax_p1" name="test_homeowner_cannot_create_accountant_share" time="0.382" /><testcase classname="backend.tests.test_iter33_payments_storno_tax_p1" name="test_ustva_reminder_dedup_invariant" time="0.086" /></testsuite></testsuites>