<?xml version="1.0" encoding="utf-8"?><testsuites name="pytest tests"><testsuite name="pytest" errors="0" failures="0" skipped="0" tests="23" time="4.178" timestamp="2026-06-01T11:56:45.058245+00:00" hostname="agent-env-2a858b91-5b80-42e1-86b7-27fd79937ed8"><testcase classname="backend.tests.test_iter29_tax_toolkit" name="test_pricing_includes_all_toolkits_and_bundle" time="0.493" /><testcase classname="backend.tests.test_iter29_tax_toolkit" name="test_tax_dashboard" time="0.055" /><testcase classname="backend.tests.test_iter29_tax_toolkit" name="test_tax_ustva_quarters" time="0.202" /><testcase classname="backend.tests.test_iter29_tax_toolkit" name="test_tax_eur_yearly" time="0.063" /><testcase classname="backend.tests.test_iter29_tax_toolkit" name="test_tax_mileage" time="0.054" /><testcase classname="backend.tests.test_iter29_tax_toolkit" name="test_tax_svs_simulator" time="0.053" /><testcase classname="backend.tests.test_iter29_tax_toolkit" name="test_tax_income_tax_brackets" time="0.051" /><testcase classname="backend.tests.test_iter29_tax_toolkit" name="test_tax_revenue_csv_export" time="0.053" /><testcase classname="backend.tests.test_iter29_tax_toolkit" name="test_tax_expenses_csv_export" time="0.056" /><testcase classname="backend.tests.test_iter29_tax_toolkit" name="test_tax_year_end_pdf" time="0.062" /><testcase classname="backend.tests.test_iter29_tax_toolkit" name="test_homeowner_blocked_from_tax" time="0.375" /><testcase classname="backend.tests.test_iter30_pm_toolkit" name="test_create_project_idempotent" time="0.577" /><testcase classname="backend.tests.test_iter30_pm_toolkit" name="test_list_projects" time="0.052" /><testcase classname="backend.tests.test_iter30_pm_toolkit" name="test_patch_project_status_note" time="0.050" /><testcase classname="backend.tests.test_iter30_pm_toolkit" name="test_create_project_requires_won_quote" time="0.054" /><testcase classname="backend.tests.test_iter30_pm_toolkit" name="test_task_crud_and_move" time="0.208" /><testcase classname="backend.tests.test_iter30_pm_toolkit" name="test_material_totals_and_variance" time="0.317" /><testcase classname="backend.tests.test_iter30_pm_toolkit" name="test_diary_crud_and_total_hours" time="0.347" /><testcase classname="backend.tests.test_iter30_pm_toolkit" name="test_public_share_no_auth" time="0.161" /><testcase classname="backend.tests.test_iter30_pm_toolkit" name="test_public_share_404_on_bad_token" time="0.101" /><testcase classname="backend.tests.test_iter30_pm_toolkit" name="test_rotate_share_token_invalidates_old" time="0.320" /><testcase classname="backend.tests.test_iter30_pm_toolkit" name="test_homeowner_blocked_from_pm" time="0.387" /><testcase classname="backend.tests.test_iter30_pm_toolkit" name="test_pricing_exposes_pm_toolkit" time="0.056" /></testsuite></testsuites>