<?xml version="1.0" encoding="utf-8"?><testsuites name="pytest tests"><testsuite name="pytest" errors="0" failures="0" skipped="0" tests="11" time="1.709" timestamp="2026-06-10T16:25:05.853589+00:00" hostname="agent-env-6193ca59-4eb8-4cfa-ab0c-ccc9dfcae7fa"><testcase classname="backend.tests.test_iter63_jobfile_guards" name="test_pro_export_all_langs_for_done_project[en]" time="0.512" /><testcase classname="backend.tests.test_iter63_jobfile_guards" name="test_pro_export_all_langs_for_done_project[de]" time="0.086" /><testcase classname="backend.tests.test_iter63_jobfile_guards" name="test_pro_export_all_langs_for_done_project[tr]" time="0.081" /><testcase classname="backend.tests.test_iter63_jobfile_guards" name="test_pro_export_all_langs_for_done_project[es]" time="0.080" /><testcase classname="backend.tests.test_iter63_jobfile_guards" name="test_pro_export_blocked_on_active_project" time="0.117" /><testcase classname="backend.tests.test_iter63_jobfile_guards" name="test_homeowner_export_all_langs_for_done_project[en]" time="0.413" /><testcase classname="backend.tests.test_iter63_jobfile_guards" name="test_homeowner_export_all_langs_for_done_project[de]" time="0.090" /><testcase classname="backend.tests.test_iter63_jobfile_guards" name="test_homeowner_export_all_langs_for_done_project[tr]" time="0.078" /><testcase classname="backend.tests.test_iter63_jobfile_guards" name="test_homeowner_export_all_langs_for_done_project[es]" time="0.076" /><testcase classname="backend.tests.test_iter63_jobfile_guards" name="test_homeowner_export_blocked_on_active_project" time="0.097" /><testcase classname="backend.tests.test_iter63_jobfile_guards" name="test_pro_hitting_homeowner_endpoint_is_forbidden" time="0.051" /></testsuite></testsuites>