<?xml version="1.0" encoding="utf-8"?><testsuites name="pytest tests"><testsuite name="pytest" errors="0" failures="0" skipped="0" tests="28" time="8.081" timestamp="2026-06-01T13:04:44.557570+00:00" hostname="agent-env-2a858b91-5b80-42e1-86b7-27fd79937ed8"><testcase classname="backend.tests.test_iter31_pm_p1" name="test_bulk_reorder_tasks" time="1.022" /><testcase classname="backend.tests.test_iter31_pm_p1" name="test_timer_start_stop_creates_diary" time="2.353" /><testcase classname="backend.tests.test_iter31_pm_p1" name="test_timer_starting_new_stops_old" time="0.202" /><testcase classname="backend.tests.test_iter31_pm_p1" name="test_templates_list_includes_builtins" time="0.056" /><testcase classname="backend.tests.test_iter31_pm_p1" name="test_apply_builtin_template" time="0.415" /><testcase classname="backend.tests.test_iter31_pm_p1" name="test_template_crud" time="0.150" /><testcase classname="backend.tests.test_iter31_pm_p1" name="test_sub_invite_and_scoped_access" time="0.664" /><testcase classname="backend.tests.test_iter31_pm_p1" name="test_overview_has_all_blocks" time="0.065" /><testcase classname="backend.tests.test_iter31_pm_p1" name="test_to_invoice_imports_materials_and_labour" time="0.051" /><testcase classname="backend.tests.test_iter32_whitelabel" name="test_template_list_has_five" time="0.389" /><testcase classname="backend.tests.test_iter32_whitelabel" name="test_set_each_template[classic]" time="0.052" /><testcase classname="backend.tests.test_iter32_whitelabel" name="test_set_each_template[modern]" time="0.051" /><testcase classname="backend.tests.test_iter32_whitelabel" name="test_set_each_template[minimalist]" time="0.050" /><testcase classname="backend.tests.test_iter32_whitelabel" name="test_set_each_template[bold]" time="0.057" /><testcase classname="backend.tests.test_iter32_whitelabel" name="test_set_each_template[elegant]" time="0.059" /><testcase classname="backend.tests.test_iter32_whitelabel" name="test_set_invalid_template_rejected" time="0.053" /><testcase classname="backend.tests.test_iter32_whitelabel" name="test_each_template_preview_returns_pdf[classic]" time="0.065" /><testcase classname="backend.tests.test_iter32_whitelabel" name="test_each_template_preview_returns_pdf[modern]" time="0.067" /><testcase classname="backend.tests.test_iter32_whitelabel" name="test_each_template_preview_returns_pdf[minimalist]" time="0.061" /><testcase classname="backend.tests.test_iter32_whitelabel" name="test_each_template_preview_returns_pdf[bold]" time="0.097" /><testcase classname="backend.tests.test_iter32_whitelabel" name="test_each_template_preview_returns_pdf[elegant]" time="0.069" /><testcase classname="backend.tests.test_iter32_whitelabel" name="test_preview_404_on_unknown_template" time="0.049" /><testcase classname="backend.tests.test_iter32_whitelabel" name="test_logo_upload_and_delete" time="0.376" /><testcase classname="backend.tests.test_iter32_whitelabel" name="test_logo_rejects_too_large" time="0.215" /><testcase classname="backend.tests.test_iter32_whitelabel" name="test_logo_rejects_bad_content_type" time="0.104" /><testcase classname="backend.tests.test_iter32_whitelabel" name="test_homeowner_cannot_upload_logo" time="0.488" /><testcase classname="backend.tests.test_iter32_whitelabel" name="test_homeowner_cannot_set_template" time="0.383" /><testcase classname="backend.tests.test_iter32_whitelabel" name="test_homeowner_cannot_list_templates" time="0.379" /></testsuite></testsuites>