<?xml version="1.0" encoding="utf-8"?><testsuites name="pytest tests"><testsuite name="pytest" errors="0" failures="0" skipped="0" tests="9" time="5.786" timestamp="2026-05-26T15:16:50.406976+00:00" hostname="agent-env-2a858b91-5b80-42e1-86b7-27fd79937ed8"><testcase classname="backend.tests.test_iteration9.TestNotificationsClear" name="test_clear_all_notifications" time="2.430" /><testcase classname="backend.tests.test_iteration9.TestNextInvoice" name="test_pro_next_invoice" time="0.055" /><testcase classname="backend.tests.test_iteration9.TestNextInvoice" name="test_homeowner_forbidden" time="0.050" /><testcase classname="backend.tests.test_iteration9.TestAdminRunMonthly" name="test_admin_ok" time="0.382" /><testcase classname="backend.tests.test_iteration9.TestAdminRunMonthly" name="test_non_admin_forbidden" time="0.048" /><testcase classname="backend.tests.test_iteration9.TestProEndpointsBookings" name="test_pros_detail_has_bookings_and_avail" time="0.104" /><testcase classname="backend.tests.test_iteration9.TestProEndpointsBookings" name="test_pros_bookings_endpoint" time="0.148" /><testcase classname="backend.tests.test_iteration9.TestFeeDueAt" name="test_quote_accept_stamps_due_at" time="0.255" /><testcase classname="backend.tests.test_iteration9.TestPushPlanTier" name="test_standard_pro_no_instant_match" time="2.296" /></testsuite></testsuites>