<?xml version="1.0" encoding="utf-8"?><testsuites name="pytest tests"><testsuite name="pytest" errors="0" failures="0" skipped="0" tests="5" time="52.637" timestamp="2026-05-26T20:40:17.461762+00:00" hostname="agent-env-2a858b91-5b80-42e1-86b7-27fd79937ed8"><testcase classname="backend.tests.test_iter11_pro_analytics.TestProInsightsShape" name="test_pro_insights_returns_200_with_all_required_keys" time="51.722" /><testcase classname="backend.tests.test_iter11_pro_analytics.TestProInsightsShape" name="test_pro_insights_homeowner_forbidden" time="0.458" /><testcase classname="backend.tests.test_iter11_pro_analytics.TestProInsightsPlanTier" name="test_plan_tier_reflects_mongo_value" time="0.167" /><testcase classname="backend.tests.test_iter11_pro_analytics.TestProsListPriority" name="test_pros_endpoint_returns_pro_tier_first_when_promoted" time="0.058" /><testcase classname="backend.tests.test_iter11_pro_analytics.TestBillingBenefits" name="test_billing_endpoint_or_returns_200" time="0.137" /></testsuite></testsuites>