<?xml version="1.0" encoding="utf-8"?><testsuites name="pytest tests"><testsuite name="pytest" errors="0" failures="0" skipped="0" tests="13" time="45.371" timestamp="2026-05-26T02:54:55.804579+00:00" hostname="agent-env-2a858b91-5b80-42e1-86b7-27fd79937ed8"><testcase classname="tests.test_iteration3.TestPortfolio" name="test_upload_png_succeeds" time="0.675" /><testcase classname="tests.test_iteration3.TestPortfolio" name="test_unknown_file_id_404" time="0.153" /><testcase classname="tests.test_iteration3.TestPortfolio" name="test_reject_bad_content_type" time="0.052" /><testcase classname="tests.test_iteration3.TestPortfolio" name="test_reject_oversize" time="0.296" /><testcase classname="tests.test_iteration3.TestPortfolio" name="test_delete_removes_from_gridfs" time="0.249" /><testcase classname="tests.test_iteration3.TestPortfolio" name="test_max_10_enforced" time="1.212" /><testcase classname="tests.test_iteration3.TestIcal" name="test_ical_contains_required_lines" time="0.693" /><testcase classname="tests.test_iteration3.TestIcal" name="test_ical_non_participant_403" time="0.381" /><testcase classname="tests.test_iteration3.TestIcal" name="test_ical_404" time="0.048" /><testcase classname="tests.test_iteration3.TestIcal" name="test_booking_message_has_booking_id" time="0.111" /><testcase classname="tests.test_iteration3.TestBookingDateFallback" name="test_create_booking_without_date" time="0.151" /><testcase classname="tests.test_iteration3.TestSSE" name="test_sse_headers_and_events" time="18.104" /><testcase classname="tests.test_iteration3.TestAIRateLimit" name="test_exceeds_20_returns_429" time="23.201" /></testsuite></testsuites>