<?xml version="1.0" encoding="utf-8"?><testsuites name="pytest tests"><testsuite name="pytest" errors="0" failures="0" skipped="0" tests="57" time="7.163" timestamp="2026-06-02T15:54:41.876955+00:00" hostname="agent-env-6c9498b9-3cf4-4308-bc3c-6a9436755c62"><testcase classname="tests.test_iter47_full_audit.TestAuth" name="test_health" time="0.150" /><testcase classname="tests.test_iter47_full_audit.TestAuth" name="test_homeowner_login" time="0.327" /><testcase classname="tests.test_iter47_full_audit.TestAuth" name="test_pro_login" time="0.284" /><testcase classname="tests.test_iter47_full_audit.TestAuth" name="test_admin_login" time="0.284" /><testcase classname="tests.test_iter47_full_audit.TestAuth" name="test_wrong_password_lockout" time="0.280" /><testcase classname="tests.test_iter47_full_audit.TestAuth" name="test_me_requires_auth" time="0.066" /><testcase classname="tests.test_iter47_full_audit.TestAuth" name="test_me_authenticated" time="0.743" /><testcase classname="tests.test_iter47_full_audit.TestAuth" name="test_refresh_token" time="0.055" /><testcase classname="tests.test_iter47_full_audit.TestHomeownerFlow" name="test_categories_public" time="0.059" /><testcase classname="tests.test_iter47_full_audit.TestHomeownerFlow" name="test_my_jobs_homeowner" time="0.074" /><testcase classname="tests.test_iter47_full_audit.TestHomeownerFlow" name="test_post_job_homeowner" time="0.059" /><testcase classname="tests.test_iter47_full_audit.TestHomeownerFlow" name="test_job_detail_by_homeowner" time="0.123" /><testcase classname="tests.test_iter47_full_audit.TestHomeownerFlow" name="test_find_pros_requires_auth" time="0.055" /><testcase classname="tests.test_iter47_full_audit.TestHomeownerFlow" name="test_find_pros_no_401" time="0.059" /><testcase classname="tests.test_iter47_full_audit.TestHomeownerFlow" name="test_notifications_homeowner" time="0.059" /><testcase classname="tests.test_iter47_full_audit.TestProFlow" name="test_browse_jobs_as_pro" time="0.399" /><testcase classname="tests.test_iter47_full_audit.TestProFlow" name="test_browse_jobs_with_category_filter" time="0.059" /><testcase classname="tests.test_iter47_full_audit.TestProFlow" name="test_my_quotes" time="0.098" /><testcase classname="tests.test_iter47_full_audit.TestProFlow" name="test_pro_profile" time="0.057" /><testcase classname="tests.test_iter47_full_audit.TestProFlow" name="test_pro_has_toolkits" time="0.051" /><testcase classname="tests.test_iter47_full_audit.TestProFlow" name="test_pro_notifications" time="0.057" /><testcase classname="tests.test_iter47_full_audit.TestProFlow" name="test_clear_notifications" time="0.057" /><testcase classname="tests.test_iter47_full_audit.TestBicIbanValidation" name="test_valid_iban_accepted" time="0.060" /><testcase classname="tests.test_iter47_full_audit.TestBicIbanValidation" name="test_invalid_iban_rejected" time="0.059" /><testcase classname="tests.test_iter47_full_audit.TestBicIbanValidation" name="test_invalid_bic_length_rejected" time="0.052" /><testcase classname="tests.test_iter47_full_audit.TestBicIbanValidation" name="test_valid_bic_8_chars" time="0.053" /><testcase classname="tests.test_iter47_full_audit.TestBicIbanValidation" name="test_valid_bic_11_chars" time="0.070" /><testcase classname="tests.test_iter47_full_audit.TestInbox" name="test_thread_list_homeowner" time="0.163" /><testcase classname="tests.test_iter47_full_audit.TestInbox" name="test_thread_list_pro" time="0.178" /><testcase classname="tests.test_iter47_full_audit.TestInbox" name="test_bookings_list" time="0.068" /><testcase classname="tests.test_iter47_full_audit.TestTaxToolkit" name="test_tax_dashboard" time="0.059" /><testcase classname="tests.test_iter47_full_audit.TestTaxToolkit" name="test_datev_full_year" time="0.058" /><testcase classname="tests.test_iter47_full_audit.TestTaxToolkit" name="test_datev_q1" time="0.057" /><testcase classname="tests.test_iter47_full_audit.TestTaxToolkit" name="test_datev_q4" time="0.065" /><testcase classname="tests.test_iter47_full_audit.TestInvoiceToolkit" name="test_list_invoices" time="0.056" /><testcase classname="tests.test_iter47_full_audit.TestInvoiceToolkit" name="test_export_all_pdf" time="0.713" /><testcase classname="tests.test_iter47_full_audit.TestInvoiceToolkit" name="test_invoice_stats" time="0.068" /><testcase classname="tests.test_iter47_full_audit.TestPMToolkit" name="test_pm_projects_list" time="0.076" /><testcase classname="tests.test_iter47_full_audit.TestAdminPanel" name="test_admin_kpis" time="0.445" /><testcase classname="tests.test_iter47_full_audit.TestAdminPanel" name="test_admin_users" time="0.077" /><testcase classname="tests.test_iter47_full_audit.TestAdminPanel" name="test_admin_users_role_filter" time="0.064" /><testcase classname="tests.test_iter47_full_audit.TestAdminPanel" name="test_admin_jobs" time="0.103" /><testcase classname="tests.test_iter47_full_audit.TestAdminPanel" name="test_admin_jobs_status_filter" time="0.088" /><testcase classname="tests.test_iter47_full_audit.TestAdminPanel" name="test_admin_verifications" time="0.079" /><testcase classname="tests.test_iter47_full_audit.TestAdminPanel" name="test_admin_billing" time="0.070" /><testcase classname="tests.test_iter47_full_audit.TestAdminPanel" name="test_admin_fees" time="0.063" /><testcase classname="tests.test_iter47_full_audit.TestAdminPanel" name="test_admin_invoicing_subscriptions" time="0.068" /><testcase classname="tests.test_iter47_full_audit.TestAdminPanel" name="test_admin_invoicing_online_payments" time="0.065" /><testcase classname="tests.test_iter47_full_audit.TestAdminPanel" name="test_admin_invoicing_invoice_data" time="0.061" /><testcase classname="tests.test_iter47_full_audit.TestAdminPanel" name="test_admin_support" time="0.064" /><testcase classname="tests.test_iter47_full_audit.TestAdminPanel" name="test_admin_feedback" time="0.066" /><testcase classname="tests.test_iter47_full_audit.TestGDPREndpoints" name="test_data_rights_post" time="0.165" /><testcase classname="tests.test_iter47_full_audit.TestGDPREndpoints" name="test_data_rights_invalid" time="0.059" /><testcase classname="tests.test_iter47_full_audit.TestBillingPage" name="test_billing_pricing" time="0.057" /><testcase classname="tests.test_iter47_full_audit.TestBillingPage" name="test_billing_fee_log" time="0.054" /><testcase classname="tests.test_iter47_full_audit.TestBillingPage" name="test_billing_transactions" time="0.051" /><testcase classname="tests.test_iter47_full_audit.TestBillingPage" name="test_billing_next_invoice" time="0.062" /></testsuite></testsuites>