<?xml version="1.0" encoding="utf-8"?><testsuites name="pytest tests"><testsuite name="pytest" errors="0" failures="0" skipped="0" tests="6" time="1.620" timestamp="2026-06-04T15:05:32.941757+00:00" hostname="agent-env-6c9498b9-3cf4-4308-bc3c-6a9436755c62"><testcase classname="backend.tests.test_iteration48" name="test_bookings_enriched_data" time="0.475" /><testcase classname="backend.tests.test_iteration48" name="test_jobs_have_job_number" time="0.461" /><testcase classname="backend.tests.test_iteration48" name="test_notification_mark_read" time="0.268" /><testcase classname="backend.tests.test_iteration48" name="test_pro_availability" time="0.140" /><testcase classname="backend.tests.test_iteration48" name="test_homeowner_in_progress_jobs" time="0.094" /><testcase classname="backend.tests.test_iteration48" name="test_booking_message_format" time="0.164" /></testsuite></testsuites>