<?xml version="1.0" encoding="utf-8"?><testsuites name="pytest tests"><testsuite name="pytest" errors="0" failures="0" skipped="0" tests="8" time="37.040" timestamp="2026-06-05T21:53:58.230330+00:00" hostname="agent-env-6c9498b9-3cf4-4308-bc3c-6a9436755c62"><testcase classname="tests.test_iter52_features.TestRecurringJobs" name="test_recurring_weekly_count3_creates_3_total" time="36.010" /><testcase classname="tests.test_iter52_features.TestRecurringJobs" name="test_recurring_none_no_group_id" time="0.103" /><testcase classname="tests.test_iter52_features.TestRescheduleAccessControl" name="test_homeowner_cannot_propose_reschedule" time="0.052" /><testcase classname="tests.test_iter52_features.TestRescheduleAccessControl" name="test_tradesperson_cannot_accept_reschedule" time="0.530" /><testcase classname="tests.test_iter52_features.TestRescheduleAccessControl" name="test_tradesperson_cannot_reject_reschedule" time="0.051" /><testcase classname="tests.test_iter52_features.TestLiveLocationFields" name="test_get_nonexistent_session_returns_404" time="0.061" /><testcase classname="tests.test_iter52_features.TestLiveLocationFields" name="test_get_live_location_response_shape" time="0.050" /><testcase classname="tests.test_iter52_features.TestLiveLocationFields" name="test_post_live_location_requires_tradesperson" time="0.159" /></testsuite></testsuites>