<?xml version="1.0" encoding="utf-8"?><testsuites name="pytest tests"><testsuite name="pytest" errors="0" failures="0" skipped="0" tests="25" time="10.056" timestamp="2026-05-28T10:59:49.282138+00:00" hostname="agent-env-2a858b91-5b80-42e1-86b7-27fd79937ed8"><testcase classname="backend.tests.test_iter12_attachments.TestGenericUpload" name="test_upload_jpeg_works" time="0.277" /><testcase classname="backend.tests.test_iter12_attachments.TestGenericUpload" name="test_upload_pdf_works" time="0.272" /><testcase classname="backend.tests.test_iter12_attachments.TestGenericUpload" name="test_upload_rejects_disallowed_mime" time="0.270" /><testcase classname="backend.tests.test_iter12_attachments.TestGenericUpload" name="test_upload_rejects_oversize" time="0.302" /><testcase classname="backend.tests.test_iter12_attachments.TestGenericUpload" name="test_upload_requires_auth" time="0.002" /><testcase classname="backend.tests.test_iter12_attachments.TestJobAttachments" name="test_post_job_with_attachments" time="0.356" /><testcase classname="backend.tests.test_iter12_attachments.TestJobAttachments" name="test_post_job_rejects_too_many_attachments" time="0.316" /><testcase classname="backend.tests.test_iter12_attachments.TestMessageAttachments" name="test_send_message_with_image_attachment" time="0.582" /><testcase classname="backend.tests.test_iter12_attachments.TestOneHourSlotMigration" name="test_seed_uses_one_hour_slots" time="0.002" /><testcase classname="backend.tests.test_iter11_pro_analytics.TestProInsightsShape" name="test_pro_insights_returns_200_with_all_required_keys" time="0.489" /><testcase classname="backend.tests.test_iter11_pro_analytics.TestProInsightsShape" name="test_pro_insights_homeowner_forbidden" time="0.375" /><testcase classname="backend.tests.test_iter11_pro_analytics.TestProInsightsPlanTier" name="test_plan_tier_reflects_mongo_value" time="0.157" /><testcase classname="backend.tests.test_iter11_pro_analytics.TestProsListPriority" name="test_pros_endpoint_returns_pro_tier_first_when_promoted" time="0.052" /><testcase classname="backend.tests.test_iter11_pro_analytics.TestBillingBenefits" name="test_billing_endpoint_or_returns_200" time="0.107" /><testcase classname="backend.tests.test_iter10_pro_perks.TestProTierPortfolioCap" name="test_pro_tier_cap_is_30_in_response" time="0.404" /><testcase classname="backend.tests.test_iter10_pro_perks.TestProTierFeaturedSort" name="test_pros_list_sorts_pro_tier_first" time="0.271" /><testcase classname="backend.tests.test_iteration9.TestNotificationsClear" name="test_clear_all_notifications" time="2.381" /><testcase classname="backend.tests.test_iteration9.TestNextInvoice" name="test_pro_next_invoice" time="0.047" /><testcase classname="backend.tests.test_iteration9.TestNextInvoice" name="test_homeowner_forbidden" time="0.051" /><testcase classname="backend.tests.test_iteration9.TestAdminRunMonthly" name="test_admin_ok" time="0.403" /><testcase classname="backend.tests.test_iteration9.TestAdminRunMonthly" name="test_non_admin_forbidden" time="0.052" /><testcase classname="backend.tests.test_iteration9.TestProEndpointsBookings" name="test_pros_detail_has_bookings_and_avail" time="0.094" /><testcase classname="backend.tests.test_iteration9.TestProEndpointsBookings" name="test_pros_bookings_endpoint" time="0.146" /><testcase classname="backend.tests.test_iteration9.TestFeeDueAt" name="test_quote_accept_stamps_due_at" time="0.255" /><testcase classname="backend.tests.test_iteration9.TestPushPlanTier" name="test_standard_pro_no_instant_match" time="2.284" /></testsuite></testsuites>