<?xml version="1.0" encoding="utf-8"?><testsuites name="pytest tests"><testsuite name="pytest" errors="0" failures="0" skipped="2" tests="8" time="1.410" timestamp="2026-06-01T08:46:02.925266+00:00" hostname="agent-env-2a858b91-5b80-42e1-86b7-27fd79937ed8"><testcase classname="backend.tests.test_iter27_qr_lost_share" name="test_iban_validation_rejects_invalid" time="0.489" /><testcase classname="backend.tests.test_iter27_qr_lost_share" name="test_iban_validation_accepts_valid_and_normalises" time="0.044" /><testcase classname="backend.tests.test_iter27_qr_lost_share" name="test_mark_quote_lost" time="0.119" /><testcase classname="backend.tests.test_iter27_qr_lost_share" name="test_cannot_mark_accepted_lost" time="0.120" /><testcase classname="backend.tests.test_iter27_qr_lost_share" name="test_threads_expose_my_quote_status" time="0.109" /><testcase classname="backend.tests.test_iter27_qr_lost_share" name="test_pricing_exposes_both_toolkit_tiers" time="0.045" /><testcase classname="backend.tests.test_iter27_qr_lost_share" name="test_share_invoice_via_chat" time="0.421"><skipped type="pytest.skip" message="invoice has no homeowner_id">/app/backend/tests/test_iter27_qr_lost_share.py:108: invoice has no homeowner_id</skipped></testcase><testcase classname="backend.tests.test_iter27_qr_lost_share" name="test_homeowner_can_open_invoice_pdf" time="0.044"><skipped type="pytest.skip" message="invoice has no homeowner_id">/app/backend/tests/test_iter27_qr_lost_share.py:125: invoice has no homeowner_id</skipped></testcase></testsuite></testsuites>