<?xml version="1.0" encoding="utf-8"?><testsuites name="pytest tests"><testsuite name="pytest" errors="0" failures="0" skipped="0" tests="9" time="2.478" timestamp="2026-05-27T21:03:42.962593+00:00" hostname="agent-env-2a858b91-5b80-42e1-86b7-27fd79937ed8"><testcase classname="backend.tests.test_iter12_attachments.TestGenericUpload" name="test_upload_jpeg_works" time="0.281" /><testcase classname="backend.tests.test_iter12_attachments.TestGenericUpload" name="test_upload_pdf_works" time="0.270" /><testcase classname="backend.tests.test_iter12_attachments.TestGenericUpload" name="test_upload_rejects_disallowed_mime" time="0.269" /><testcase classname="backend.tests.test_iter12_attachments.TestGenericUpload" name="test_upload_rejects_oversize" time="0.310" /><testcase classname="backend.tests.test_iter12_attachments.TestGenericUpload" name="test_upload_requires_auth" time="0.002" /><testcase classname="backend.tests.test_iter12_attachments.TestJobAttachments" name="test_post_job_with_attachments" time="0.357" /><testcase classname="backend.tests.test_iter12_attachments.TestJobAttachments" name="test_post_job_rejects_too_many_attachments" time="0.313" /><testcase classname="backend.tests.test_iter12_attachments.TestMessageAttachments" name="test_send_message_with_image_attachment" time="0.578" /><testcase classname="backend.tests.test_iter12_attachments.TestOneHourSlotMigration" name="test_seed_uses_one_hour_slots" time="0.002" /></testsuite></testsuites>