<?xml version="1.0" encoding="utf-8"?><testsuites name="pytest tests"><testsuite name="pytest" errors="0" failures="0" skipped="0" tests="7" time="1.692" timestamp="2026-06-04T21:12:04.279706+00:00" hostname="agent-env-6c9498b9-3cf4-4308-bc3c-6a9436755c62"><testcase classname="backend.tests.test_iter50_jobs_projects_split.TestJobsListingTypeFilter" name="test_filter_tasks" time="0.481" /><testcase classname="backend.tests.test_iter50_jobs_projects_split.TestJobsListingTypeFilter" name="test_filter_projects" time="0.069" /><testcase classname="backend.tests.test_iter50_jobs_projects_split.TestProjectJobCreation" name="test_project_job_has_correct_fields" time="0.464" /><testcase classname="backend.tests.test_iter50_jobs_projects_split.TestProjectJobCreation" name="test_project_requires_description" time="0.054" /><testcase classname="backend.tests.test_iter50_jobs_projects_split.TestMilestoneQuote" name="test_send_milestone_quote" time="0.065" /><testcase classname="backend.tests.test_iter50_jobs_projects_split.TestMilestoneQuote" name="test_milestone_quote_requires_2_phases" time="0.112" /><testcase classname="backend.tests.test_iter50_jobs_projects_split.TestAdminProjectsEndpoint" name="test_admin_projects_filter" time="0.420" /></testsuite></testsuites>