<?xml version="1.0" encoding="utf-8"?><testsuites name="pytest tests"><testsuite name="pytest" errors="0" failures="1" skipped="0" tests="9" time="2.531" timestamp="2026-06-05T21:31:06.009500+00:00" hostname="agent-env-6c9498b9-3cf4-4308-bc3c-6a9436755c62"><testcase classname="backend.tests.test_iter51_fixes.TestAuth" name="test_homeowner_login" time="0.515" /><testcase classname="backend.tests.test_iter51_fixes.TestAuth" name="test_pro_login" time="0.381" /><testcase classname="backend.tests.test_iter51_fixes.TestAuth" name="test_admin_login" time="0.437" /><testcase classname="backend.tests.test_iter51_fixes.TestLiveLocation" name="test_live_location_invalid_job_returns_not_500" time="0.443" /><testcase classname="backend.tests.test_iter51_fixes.TestLiveLocation" name="test_live_location_requires_auth" time="0.151" /><testcase classname="backend.tests.test_iter51_fixes.TestLiveLocation" name="test_get_live_location_nonexistent" time="0.062" /><testcase classname="backend.tests.test_iter51_fixes.TestFeedback" name="test_submit_feedback_creates_entry" time="0.330" /><testcase classname="backend.tests.test_iter51_fixes.TestFeedback" name="test_submit_issue_triggers_admin_notification" time="0.111"><failure message="AssertionError: No new_issue notification found. Types: []&#10;assert ('new_issue' in [] or False)&#10; +  where False = any(&lt;generator object TestFeedback.test_submit_issue_triggers_admin_notification.&lt;locals&gt;.&lt;genexpr&gt; at 0xfd750b7f3ca0&gt;)">backend/tests/test_iter51_fixes.py:129: in test_submit_issue_triggers_admin_notification
    assert "new_issue" in types or any("issue" in str(t) for t in types), \
E   AssertionError: No new_issue notification found. Types: []
E   assert ('new_issue' in [] or False)
E    +  where False = any(&lt;generator object TestFeedback.test_submit_issue_triggers_admin_notification.&lt;locals&gt;.&lt;genexpr&gt; at 0xfd750b7f3ca0&gt;)</failure></testcase><testcase classname="backend.tests.test_iter51_fixes.TestFeedback" name="test_list_my_feedback" time="0.054" /></testsuite></testsuites>