<?xml version="1.0" encoding="utf-8"?><testsuites name="pytest tests"><testsuite name="pytest" errors="0" failures="0" skipped="0" tests="5" time="1.235" timestamp="2026-05-31T21:06:56.809474+00:00" hostname="agent-env-2a858b91-5b80-42e1-86b7-27fd79937ed8"><testcase classname="backend.tests.test_iter26_bug_round" name="test_homeowner_sees_all_jobs_without_status_param" time="0.512" /><testcase classname="backend.tests.test_iter26_bug_round" name="test_homeowner_can_filter_in_progress" time="0.059" /><testcase classname="backend.tests.test_iter26_bug_round" name="test_homeowner_can_filter_completed" time="0.051" /><testcase classname="backend.tests.test_iter26_bug_round" name="test_share_location_endpoint" time="0.103" /><testcase classname="backend.tests.test_iter26_bug_round" name="test_draft_from_job_blocks_in_progress" time="0.491" /></testsuite></testsuites>