<?xml version="1.0" encoding="utf-8"?><testsuites name="pytest tests"><testsuite name="pytest" errors="0" failures="0" skipped="0" tests="54" time="10.982" timestamp="2026-06-02T09:49:59.899706+00:00" hostname="agent-env-2a858b91-5b80-42e1-86b7-27fd79937ed8"><testcase classname="backend.tests.test_iter40_iter" name="test_templates_list_has_4_keys_no_description" time="0.431" /><testcase classname="backend.tests.test_iter40_iter" name="test_preview_legacy_keys_render_pdf[classic]" time="0.079" /><testcase classname="backend.tests.test_iter40_iter" name="test_preview_legacy_keys_render_pdf[modern]" time="0.063" /><testcase classname="backend.tests.test_iter40_iter" name="test_preview_legacy_keys_render_pdf[minimalist]" time="0.061" /><testcase classname="backend.tests.test_iter40_iter" name="test_preview_legacy_keys_render_pdf[bold]" time="0.063" /><testcase classname="backend.tests.test_iter40_iter" name="test_preview_legacy_keys_render_pdf[elegant]" time="0.065" /><testcase classname="backend.tests.test_iter40_iter" name="test_share_in_conversation_success" time="0.161" /><testcase classname="backend.tests.test_iter40_iter" name="test_share_in_conversation_400_when_paylink_disabled" time="0.159" /><testcase classname="backend.tests.test_iter40_iter" name="test_share_in_conversation_404_for_other_pros_invoice" time="0.052" /><testcase classname="backend.tests.test_iter40_iter" name="test_share_in_conversation_403_for_homeowner" time="0.376" /><testcase classname="backend.tests.test_iter40_iter" name="test_fee_cancel_creates_notification" time="0.469" /><testcase classname="backend.tests.test_iter40_iter" name="test_fee_adjust_amount_creates_notification" time="0.112" /><testcase classname="backend.tests.test_iter32_whitelabel" name="test_template_list_has_five" time="0.378" /><testcase classname="backend.tests.test_iter32_whitelabel" name="test_set_each_template[minimal_artisan]" time="0.049" /><testcase classname="backend.tests.test_iter32_whitelabel" name="test_set_each_template[creative_bold]" time="0.045" /><testcase classname="backend.tests.test_iter32_whitelabel" name="test_set_each_template[small_business]" time="0.044" /><testcase classname="backend.tests.test_iter32_whitelabel" name="test_set_each_template[medical]" time="0.047" /><testcase classname="backend.tests.test_iter32_whitelabel" name="test_legacy_template_keys_auto_migrated[classic]" time="0.046" /><testcase classname="backend.tests.test_iter32_whitelabel" name="test_legacy_template_keys_auto_migrated[modern]" time="0.046" /><testcase classname="backend.tests.test_iter32_whitelabel" name="test_legacy_template_keys_auto_migrated[minimalist]" time="0.046" /><testcase classname="backend.tests.test_iter32_whitelabel" name="test_legacy_template_keys_auto_migrated[bold]" time="0.045" /><testcase classname="backend.tests.test_iter32_whitelabel" name="test_legacy_template_keys_auto_migrated[elegant]" time="0.046" /><testcase classname="backend.tests.test_iter32_whitelabel" name="test_set_invalid_template_rejected" time="0.048" /><testcase classname="backend.tests.test_iter32_whitelabel" name="test_each_template_preview_returns_pdf[minimal_artisan]" time="0.058" /><testcase classname="backend.tests.test_iter32_whitelabel" name="test_each_template_preview_returns_pdf[creative_bold]" time="0.060" /><testcase classname="backend.tests.test_iter32_whitelabel" name="test_each_template_preview_returns_pdf[small_business]" time="0.056" /><testcase classname="backend.tests.test_iter32_whitelabel" name="test_each_template_preview_returns_pdf[medical]" time="0.058" /><testcase classname="backend.tests.test_iter32_whitelabel" name="test_preview_404_on_unknown_template" time="0.069" /><testcase classname="backend.tests.test_iter32_whitelabel" name="test_logo_upload_and_delete" time="0.320" /><testcase classname="backend.tests.test_iter32_whitelabel" name="test_logo_rejects_too_large" time="0.462" /><testcase classname="backend.tests.test_iter32_whitelabel" name="test_logo_rejects_bad_content_type" time="0.106" /><testcase classname="backend.tests.test_iter32_whitelabel" name="test_homeowner_cannot_upload_logo" time="0.451" /><testcase classname="backend.tests.test_iter32_whitelabel" name="test_homeowner_cannot_set_template" time="0.368" /><testcase classname="backend.tests.test_iter32_whitelabel" name="test_homeowner_cannot_list_templates" time="0.381" /><testcase classname="backend.tests.test_iter34_pay_now" name="test_enable_pay_link_returns_token" time="0.406" /><testcase classname="backend.tests.test_iter34_pay_now" name="test_public_view_shows_fee_breakdown" time="0.155" /><testcase classname="backend.tests.test_iter34_pay_now" name="test_disable_revokes_public_access" time="0.303" /><testcase classname="backend.tests.test_iter34_pay_now" name="test_cannot_enable_for_storno" time="0.123" /><testcase classname="backend.tests.test_iter34_pay_now" name="test_cannot_enable_for_fully_paid" time="0.159" /><testcase classname="backend.tests.test_iter34_pay_now" name="test_create_checkout_session" time="0.672" /><testcase classname="backend.tests.test_iter34_pay_now" name="test_checkout_status_endpoint" time="0.774" /><testcase classname="backend.tests.test_iter34_pay_now" name="test_checkout_status_unknown_session_404" time="0.112" /><testcase classname="backend.tests.test_iter34_pay_now" name="test_homeowner_cannot_enable_pay_link" time="0.385" /><testcase classname="backend.tests.test_iter34_pay_now" name="test_status_endpoint_idempotent_on_paid" time="0.858" /><testcase classname="backend.tests.test_iter39_admin_fees.TestAdminJobFees" name="test_list_job_fees_admin_ok" time="0.392" /><testcase classname="backend.tests.test_iter39_admin_fees.TestAdminJobFees" name="test_list_job_fees_unknown_job_returns_empty" time="0.051" /><testcase classname="backend.tests.test_iter39_admin_fees.TestAdminJobFees" name="test_list_job_fees_non_admin_forbidden" time="0.373" /><testcase classname="backend.tests.test_iter39_admin_fees.TestAdminJobFees" name="test_list_job_fees_homeowner_forbidden" time="0.380" /><testcase classname="backend.tests.test_iter39_admin_fees.TestAdminFeePatch" name="test_patch_fee_bad_id_404" time="0.050" /><testcase classname="backend.tests.test_iter39_admin_fees.TestAdminFeePatch" name="test_patch_fee_negative_amount_400" time="0.048" /><testcase classname="backend.tests.test_iter39_admin_fees.TestAdminFeePatch" name="test_patch_fee_empty_reason_422" time="0.085" /><testcase classname="backend.tests.test_iter39_admin_fees.TestAdminFeePatch" name="test_patch_fee_edit_amount_ok" time="0.108" /><testcase classname="backend.tests.test_iter39_admin_fees.TestAdminFeePatch" name="test_patch_fee_cancel_decrements_monthly_fees" time="0.053" /><testcase classname="backend.tests.test_iter39_admin_fees.TestReportProblemSupport" name="test_pro_can_file_support_ticket_with_job" time="0.057" /></testsuite></testsuites>