<?xml version="1.0" encoding="utf-8"?><testsuites name="pytest tests"><testsuite name="pytest" errors="0" failures="3" skipped="1" tests="22" time="3.946" timestamp="2026-06-09T15:32:07.453183+00:00" hostname="agent-env-6193ca59-4eb8-4cfa-ab0c-ccc9dfcae7fa"><testcase classname="backend.tests.test_iter56_explorer_plan.TestExplorerActive" name="test_subscription_status_explorer_active" time="0.492"><failure message="AssertionError: expected explorer_active, got gate: {'plan_tier': 'standard', 'billing_mode': 'gate', 'explorer_active': False, 'explorer_days_remaining': None, 'explorer_started_at': '2026-06-09T15:31:15.003000+00:00', 'explorer_ends_at': '2026-09-07T15:31:15.003000+00:00', 'explorer_used': True, 'explorer_gate_dismissed': False, 'sub_valid_until': '2026-07-07T09:53:40.908000+00:00', 'sub_cancels_at': None, 'sub_billing_period': 'monthly', 'sub_started_at': '2026-06-06T09:53:40.908000+00:00', 'trial_ends_at': None, 'trial_active': False, 'trial_days_remaining': None, 'days_remaining': 27, 'has_stripe_customer': False}&#10;assert 'gate' == 'explorer_active'&#10;  &#10;  - explorer_active&#10;  + gate">backend/tests/test_iter56_explorer_plan.py:55: in test_subscription_status_explorer_active
    assert mode == "explorer_active", f"expected explorer_active, got {mode}: {d}"
E   AssertionError: expected explorer_active, got gate: {'plan_tier': 'standard', 'billing_mode': 'gate', 'explorer_active': False, 'explorer_days_remaining': None, 'explorer_started_at': '2026-06-09T15:31:15.003000+00:00', 'explorer_ends_at': '2026-09-07T15:31:15.003000+00:00', 'explorer_used': True, 'explorer_gate_dismissed': False, 'sub_valid_until': '2026-07-07T09:53:40.908000+00:00', 'sub_cancels_at': None, 'sub_billing_period': 'monthly', 'sub_started_at': '2026-06-06T09:53:40.908000+00:00', 'trial_ends_at': None, 'trial_active': False, 'trial_days_remaining': None, 'days_remaining': 27, 'has_stripe_customer': False}
E   assert 'gate' == 'explorer_active'
E     
E     - explorer_active
E     + gate</failure></testcase><testcase classname="backend.tests.test_iter56_explorer_plan.TestExplorerActive" name="test_pricing_mode_matches" time="0.054"><failure message="AssertionError: pricing mode mismatch: gate&#10;assert 'gate' == 'explorer_active'&#10;  &#10;  - explorer_active&#10;  + gate">backend/tests/test_iter56_explorer_plan.py:65: in test_pricing_mode_matches
    assert mode == "explorer_active", f"pricing mode mismatch: {mode}"
E   AssertionError: pricing mode mismatch: gate
E   assert 'gate' == 'explorer_active'
E     
E     - explorer_active
E     + gate</failure></testcase><testcase classname="backend.tests.test_iter56_explorer_plan.TestExplorerActive" name="test_toolkit_flags_consistent_with_mode" time="0.070" /><testcase classname="backend.tests.test_iter56_explorer_plan.TestExplorerActive" name="test_invoices_endpoint_accessible" time="0.068" /><testcase classname="backend.tests.test_iter56_explorer_plan.TestExplorerActive" name="test_invoices_stats_accessible" time="0.066" /><testcase classname="backend.tests.test_iter56_explorer_plan.TestExplorerActive" name="test_invoices_cashflow_accessible" time="0.058" /><testcase classname="backend.tests.test_iter56_explorer_plan.TestExplorerActive" name="test_tax_endpoint_accessible" time="0.315" /><testcase classname="backend.tests.test_iter56_explorer_plan.TestExplorerActive" name="test_pm_endpoint_accessible" time="0.078" /><testcase classname="backend.tests.test_iter56_explorer_plan.TestExplorerActive" name="test_pro_badge_in_search" time="0.069"><skipped type="pytest.skip" message="Test pro not found in /api/pros list payload">/app/backend/tests/test_iter56_explorer_plan.py:126: Test pro not found in /api/pros list payload</skipped></testcase><testcase classname="backend.tests.test_iter56_explorer_plan.TestRegressionWhileExplorer" name="test_homeowner_post_task" time="0.407" /><testcase classname="backend.tests.test_iter56_explorer_plan.TestRegressionWhileExplorer" name="test_homeowner_post_project" time="0.059" /><testcase classname="backend.tests.test_iter56_explorer_plan.TestRegressionWhileExplorer" name="test_pro_browse_jobs" time="0.130" /><testcase classname="backend.tests.test_iter56_explorer_plan.TestRegressionWhileExplorer" name="test_pro_my_quotes" time="0.060" /><testcase classname="backend.tests.test_iter56_explorer_plan.TestRegressionWhileExplorer" name="test_pro_dashboard_kpis" time="0.133" /><testcase classname="backend.tests.test_iter56_explorer_plan.TestRegressionWhileExplorer" name="test_admin_dashboard" time="0.431" /><testcase classname="backend.tests.test_iter56_explorer_plan.TestRegressionWhileExplorer" name="test_admin_toolkits_lists_explorer" time="0.126" /><testcase classname="backend.tests.test_iter56_explorer_plan.TestExplorerLifecycle" name="test_simulate_expiry_revokes_flags" time="0.054"><failure message="AssertionError: {&quot;detail&quot;:&quot;No active Explorer plan to expire&quot;}&#10;assert 400 in (200, 204)&#10; +  where 400 = &lt;Response [400]&gt;.status_code">backend/tests/test_iter56_explorer_plan.py:206: in test_simulate_expiry_revokes_flags
    assert r.status_code in (200, 204), r.text
E   AssertionError: {"detail":"No active Explorer plan to expire"}
E   assert 400 in (200, 204)
E    +  where 400 = &lt;Response [400]&gt;.status_code</failure></testcase><testcase classname="backend.tests.test_iter56_explorer_plan.TestExplorerLifecycle" name="test_gate_toolkits_locked" time="0.056" /><testcase classname="backend.tests.test_iter56_explorer_plan.TestExplorerLifecycle" name="test_claim_pro_returns_stripe_url" time="0.551" /><testcase classname="backend.tests.test_iter56_explorer_plan.TestExplorerLifecycle" name="test_choose_standard_clears_gate" time="0.100" /><testcase classname="backend.tests.test_iter56_explorer_plan.TestExplorerLifecycle" name="test_simulate_reset_returns_offer" time="0.100" /><testcase classname="backend.tests.test_iter56_explorer_plan.TestExplorerLifecycle" name="test_checkout_explorer_returns_url" time="0.399" /></testsuite></testsuites>