<?xml version="1.0" encoding="utf-8"?><testsuites name="pytest tests"><testsuite name="pytest" errors="0" failures="1" skipped="0" tests="8" time="6.643" timestamp="2026-05-31T17:45:07.997831+00:00" hostname="agent-env-2a858b91-5b80-42e1-86b7-27fd79937ed8"><testcase classname="backend.tests.test_iter25_extras" name="test_pricing_has_toolkit_and_pro_flags" time="4.141" /><testcase classname="backend.tests.test_iter25_extras" name="test_checkout_subscription_returns_stripe_url" time="0.545" /><testcase classname="backend.tests.test_iter25_extras" name="test_checkout_toolkit_for_pro_returns_url" time="0.453" /><testcase classname="backend.tests.test_iter25_extras" name="test_checkout_toolkit_blocks_non_pros" time="0.426" /><testcase classname="backend.tests.test_iter25_extras" name="test_pro_invoice_list_returns_only_my_invoices" time="0.097" /><testcase classname="backend.tests.test_iter25_extras" name="test_pro_invoice_create_and_pdf_with_epc_qr" time="0.315"><failure message="AssertionError: assert None == 'paid'&#10; +  where None = &lt;built-in method get of dict object at 0xfbee5f833400&gt;('status')&#10; +    where &lt;built-in method get of dict object at 0xfbee5f833400&gt; = {'message': 'Marked paid'}.get">E   AssertionError: assert None == 'paid'
     +  where None = &lt;built-in method get of dict object at 0xfbee5f833400&gt;('status')
     +    where &lt;built-in method get of dict object at 0xfbee5f833400&gt; = {'message': 'Marked paid'}.get</failure></testcase><testcase classname="backend.tests.test_iter25_extras" name="test_draft_from_job_402_without_toolkit_or_404" time="0.096" /><testcase classname="backend.tests.test_iter25_extras" name="test_admin_verify_no_cross_contamination" time="0.529" /></testsuite></testsuites>