<?xml version="1.0" encoding="utf-8"?><testsuites name="pytest tests"><testsuite name="pytest" errors="0" failures="4" skipped="0" tests="15" time="4.562" timestamp="2026-06-02T13:25:33.870793+00:00" hostname="agent-env-2a858b91-5b80-42e1-86b7-27fd79937ed8"><testcase classname="backend.tests.test_iter45_complaints_and_invoicing.TestComplaintFlag" name="test_pro_complaint_marks_quote_with_flag" time="0.953" /><testcase classname="backend.tests.test_iter45_complaints_and_invoicing.TestComplaintFlag" name="test_admin_resolve_writes_notification" time="1.108"><failure message="AssertionError: No support_resolved notification with link /feedback. Got kinds=['location_shared', 'location_shared', 'location_shared', 'location_shared', 'location_shared']&#10;assert []">backend/tests/test_iter45_complaints_and_invoicing.py:103: in test_admin_resolve_writes_notification
    assert found, f"No support_resolved notification with link /feedback. Got kinds={[n.get('kind') for n in notes[:10]]}"
E   AssertionError: No support_resolved notification with link /feedback. Got kinds=['location_shared', 'location_shared', 'location_shared', 'location_shared', 'location_shared']
E   assert []</failure></testcase><testcase classname="backend.tests.test_iter45_complaints_and_invoicing.TestComplaintFlag" name="test_admin_patch_bad_id_400" time="0.048" /><testcase classname="backend.tests.test_iter45_complaints_and_invoicing.TestComplaintFlag" name="test_admin_patch_valid_missing_404" time="0.049" /><testcase classname="backend.tests.test_iter45_complaints_and_invoicing.TestOnlinePayments" name="test_pro_forbidden" time="0.061" /><testcase classname="backend.tests.test_iter45_complaints_and_invoicing.TestOnlinePayments" name="test_homeowner_forbidden" time="0.395" /><testcase classname="backend.tests.test_iter45_complaints_and_invoicing.TestOnlinePayments" name="test_admin_basic_shape" time="0.049" /><testcase classname="backend.tests.test_iter45_complaints_and_invoicing.TestOnlinePayments" name="test_admin_filters_and_per_page_cap" time="0.107" /><testcase classname="backend.tests.test_iter45_complaints_and_invoicing.TestInvoiceTemplates" name="test_pro_forbidden" time="0.057" /><testcase classname="backend.tests.test_iter45_complaints_and_invoicing.TestInvoiceTemplates" name="test_admin_returns_shape_and_sum" time="0.050" /><testcase classname="backend.tests.test_iter45_complaints_and_invoicing.TestPdfExports" name="test_admin_export_pdf" time="1.373" /><testcase classname="backend.tests.test_iter45_complaints_and_invoicing.TestPdfExports" name="test_admin_export_pdf_pro_forbidden" time="0.066" /><testcase classname="backend.tests.test_iter45_complaints_and_invoicing.TestPdfExports" name="test_pro_export_pdf" time="0.060"><failure message="AssertionError: {&quot;detail&quot;:&quot;Invoice not found&quot;}&#10;assert 404 == 200&#10; +  where 404 = &lt;Response [404]&gt;.status_code">backend/tests/test_iter45_complaints_and_invoicing.py:183: in test_pro_export_pdf
    assert r.status_code == 200, r.text
E   AssertionError: {"detail":"Invoice not found"}
E   assert 404 == 200
E    +  where 404 = &lt;Response [404]&gt;.status_code</failure></testcase><testcase classname="backend.tests.test_iter45_complaints_and_invoicing.TestPdfExports" name="test_pro_export_pdf_payment_status_filter" time="0.063"><failure message="AssertionError: {&quot;detail&quot;:&quot;Invoice not found&quot;}&#10;assert 404 == 200&#10; +  where 404 = &lt;Response [404]&gt;.status_code">backend/tests/test_iter45_complaints_and_invoicing.py:190: in test_pro_export_pdf_payment_status_filter
    assert r.status_code == 200, r.text
E   AssertionError: {"detail":"Invoice not found"}
E   assert 404 == 200
E    +  where 404 = &lt;Response [404]&gt;.status_code</failure></testcase><testcase classname="backend.tests.test_iter45_complaints_and_invoicing.TestPdfExports" name="test_pro_export_pdf_admin_forbidden" time="0.051"><failure message="assert 404 == 403&#10; +  where 404 = &lt;Response [404]&gt;.status_code">backend/tests/test_iter45_complaints_and_invoicing.py:195: in test_pro_export_pdf_admin_forbidden
    assert r.status_code == 403
E   assert 404 == 403
E    +  where 404 = &lt;Response [404]&gt;.status_code</failure></testcase></testsuite></testsuites>