<?xml version="1.0" encoding="utf-8"?><testsuites name="pytest tests"><testsuite name="pytest" errors="0" failures="0" skipped="0" tests="3" time="0.628" timestamp="2026-05-26T11:06:13.307960+00:00" hostname="agent-env-2a858b91-5b80-42e1-86b7-27fd79937ed8"><testcase classname="backend.tests.test_iteration7.TestCategoriesPublic" name="test_categories_no_auth" time="0.143" /><testcase classname="backend.tests.test_iteration7.TestProfileAddress" name="test_patch_profile_with_address" time="0.376" /><testcase classname="backend.tests.test_iteration7.TestProfileAddress" name="test_auth_me_returns_address" time="0.095" /></testsuite></testsuites>