<?xml version="1.0" encoding="utf-8"?><testsuites name="pytest tests"><testsuite name="pytest" errors="0" failures="0" skipped="0" tests="4" time="53.145" timestamp="2026-05-27T21:06:14.313323+00:00" hostname="agent-env-2a858b91-5b80-42e1-86b7-27fd79937ed8"><testcase classname="backend.tests.test_iter12_extras.TestUploadServe" name="test_serve_has_cache_control" time="52.014" /><testcase classname="backend.tests.test_iter12_extras.TestMessageTooManyAttachments" name="test_rejects_more_than_five" time="0.362" /><testcase classname="backend.tests.test_iter12_extras.TestAvailability1Hour" name="test_get_availability_returns_only_one_hour_slots" time="0.318" /><testcase classname="backend.tests.test_iter12_extras.TestMultiHourBooking" name="test_post_booking_with_multi_hour_slot" time="0.352" /></testsuite></testsuites>