<?xml version="1.0" encoding="utf-8"?><testsuites name="pytest tests"><testsuite name="pytest" errors="0" failures="0" skipped="1" tests="7" time="1.929" timestamp="2026-05-31T17:40:58.295361+00:00" hostname="agent-env-2a858b91-5b80-42e1-86b7-27fd79937ed8"><testcase classname="backend.tests.test_iter25_toolkit_geofence" name="test_pricing_returns_net_and_brutto" time="0.493" /><testcase classname="backend.tests.test_iter25_toolkit_geofence" name="test_pro_can_save_kleinunternehmer_and_bank" time="0.051" /><testcase classname="backend.tests.test_iter25_toolkit_geofence" name="test_pro_can_save_geofence" time="0.057" /><testcase classname="backend.tests.test_iter25_toolkit_geofence" name="test_pro_invoice_endpoints_require_toolkit" time="0.109"><skipped type="pytest.skip" message="toolkit was activated by another test">/app/backend/tests/test_iter25_toolkit_geofence.py:104: toolkit was activated by another test</skipped></testcase><testcase classname="backend.tests.test_iter25_toolkit_geofence" name="test_admin_can_update_licence_status_independently" time="0.444" /><testcase classname="backend.tests.test_iter25_toolkit_geofence" name="test_geofence_filters_far_jobs_for_pro" time="0.618" /><testcase classname="backend.tests.test_iter25_toolkit_geofence" name="test_geofence_off_shows_all_jobs" time="0.138" /></testsuite></testsuites>