<?xml version="1.0" encoding="utf-8"?><testsuites name="pytest tests"><testsuite name="pytest" errors="0" failures="2" skipped="1" tests="36" time="3.464" timestamp="2026-06-02T07:02:02.761496+00:00" hostname="agent-env-2a858b91-5b80-42e1-86b7-27fd79937ed8"><testcase classname="backend.tests.test_iter36_feedback_support.TestFeedbackSubmission" name="test_homeowner_submit_feedback_kind" time="0.501" /><testcase classname="backend.tests.test_iter36_feedback_support.TestFeedbackSubmission" name="test_pro_submit_feature" time="0.378" /><testcase classname="backend.tests.test_iter36_feedback_support.TestFeedbackSubmission" name="test_submit_issue" time="0.044" /><testcase classname="backend.tests.test_iter36_feedback_support.TestFeedbackSubmission" name="test_bad_kind_rejected" time="0.044" /><testcase classname="backend.tests.test_iter36_feedback_support.TestFeedbackSubmission" name="test_short_subject_rejected" time="0.047" /><testcase classname="backend.tests.test_iter36_feedback_support.TestFeedbackSubmission" name="test_short_message_rejected" time="0.044" /><testcase classname="backend.tests.test_iter36_feedback_support.TestFeedbackSubmission" name="test_anon_cannot_submit" time="0.106" /><testcase classname="backend.tests.test_iter36_feedback_support.TestFeedbackMine" name="test_mine_returns_own_items" time="0.094" /><testcase classname="backend.tests.test_iter36_feedback_support.TestSupportTickets" name="test_support_requires_valid_job" time="0.045" /><testcase classname="backend.tests.test_iter36_feedback_support.TestSupportTickets" name="test_support_bad_category" time="0.099" /><testcase classname="backend.tests.test_iter36_feedback_support.TestSupportTickets" name="test_homeowner_can_file_on_own_job" time="0.096"><failure message="AssertionError: {&quot;detail&quot;:&quot;Not party to this job&quot;}&#10;assert 403 == 200&#10; +  where 403 = &lt;Response [403]&gt;.status_code">backend/tests/test_iter36_feedback_support.py:130: in test_homeowner_can_file_on_own_job
    assert r.status_code == 200, r.text
E   AssertionError: {"detail":"Not party to this job"}
E   assert 403 == 200
E    +  where 403 = &lt;Response [403]&gt;.status_code</failure></testcase><testcase classname="backend.tests.test_iter36_feedback_support.TestSupportTickets" name="test_pro_not_party_403" time="0.101"><skipped type="pytest.skip" message="public /api/jobs unavailable">/app/backend/tests/test_iter36_feedback_support.py:144: public /api/jobs unavailable</skipped></testcase><testcase classname="backend.tests.test_iter36_feedback_support.TestAdminFeedback" name="test_admin_403_for_non_admin" time="0.045" /><testcase classname="backend.tests.test_iter36_feedback_support.TestAdminFeedback" name="test_admin_403_for_pro" time="0.053" /><testcase classname="backend.tests.test_iter36_feedback_support.TestAdminFeedback" name="test_admin_list_shape" time="0.381" /><testcase classname="backend.tests.test_iter36_feedback_support.TestAdminFeedback" name="test_admin_per_page_cap" time="0.050" /><testcase classname="backend.tests.test_iter36_feedback_support.TestAdminFeedback" name="test_admin_kind_filter" time="0.056" /><testcase classname="backend.tests.test_iter36_feedback_support.TestAdminFeedback" name="test_admin_search_q" time="0.051" /><testcase classname="backend.tests.test_iter36_feedback_support.TestAdminFeedback" name="test_admin_patch_status_resolved_and_response" time="0.142" /><testcase classname="backend.tests.test_iter36_feedback_support.TestAdminFeedback" name="test_admin_patch_bad_status_400" time="0.093" /><testcase classname="backend.tests.test_iter36_feedback_support.TestAdminFeedback" name="test_admin_patch_404" time="0.047" /><testcase classname="backend.tests.test_iter36_feedback_support.TestAdminSupport" name="test_admin_support_403_non_admin" time="0.052" /><testcase classname="backend.tests.test_iter36_feedback_support.TestAdminSupport" name="test_admin_support_list_shape" time="0.050" /><testcase classname="backend.tests.test_iter36_feedback_support.TestAdminSupport" name="test_admin_support_category_filter" time="0.049" /><testcase classname="backend.tests.test_iter36_feedback_support.TestAdminSupport" name="test_admin_support_patch_resolved" time="0.093"><failure message="KeyError: 'id'">backend/tests/test_iter36_feedback_support.py:268: in test_admin_support_patch_resolved
    tid = t["id"]
          ^^^^^^^
E   KeyError: 'id'</failure></testcase><testcase classname="backend.tests.test_iter36_feedback_support.TestLogoAutoApprove" name="test_logo_upload_auto_approved" time="0.106" /><testcase classname="backend.tests.test_iter36_feedback_support.TestAdminFiltersPagination" name="test_users_pagination_filter" time="0.047" /><testcase classname="backend.tests.test_iter36_feedback_support.TestAdminFiltersPagination" name="test_users_search_q" time="0.047" /><testcase classname="backend.tests.test_iter36_feedback_support.TestAdminFiltersPagination" name="test_users_per_page_cap" time="0.052" /><testcase classname="backend.tests.test_iter36_feedback_support.TestAdminFiltersPagination" name="test_jobs_pagination_buckets" time="0.054" /><testcase classname="backend.tests.test_iter36_feedback_support.TestAdminFiltersPagination" name="test_jobs_status_filter" time="0.056" /><testcase classname="backend.tests.test_iter36_feedback_support.TestAdminFiltersPagination" name="test_jobs_year_month_filter" time="0.052" /><testcase classname="backend.tests.test_iter36_feedback_support.TestAdminFiltersPagination" name="test_reviews_filters" time="0.056" /><testcase classname="backend.tests.test_iter36_feedback_support.TestAdminFiltersPagination" name="test_verifications_filters" time="0.049" /><testcase classname="backend.tests.test_iter36_feedback_support.TestAdminFiltersPagination" name="test_invoices_filters" time="0.051" /><testcase classname="backend.tests.test_iter36_feedback_support.TestAdminFiltersPagination" name="test_non_admin_blocked_users" time="0.046" /></testsuite></testsuites>