<?xml version="1.0" encoding="utf-8"?><testsuites name="pytest tests"><testsuite name="pytest" errors="0" failures="1" skipped="0" tests="13" time="48.357" timestamp="2026-06-09T19:56:33.292965+00:00" hostname="agent-env-6193ca59-4eb8-4cfa-ab0c-ccc9dfcae7fa"><testcase classname="backend.tests.test_iter61_batch5.TestBarcodeLookup" name="test_known_ean_returns_found" time="0.739" /><testcase classname="backend.tests.test_iter61_batch5.TestBarcodeLookup" name="test_unknown_ean_returns_not_found" time="0.995" /><testcase classname="backend.tests.test_iter61_batch5.TestBarcodeLookup" name="test_invalid_barcode_400" time="0.051" /><testcase classname="backend.tests.test_iter61_batch5.TestBarcodeLookup" name="test_barcode_lookup_requires_auth" time="0.127" /><testcase classname="backend.tests.test_iter61_batch5.TestAdminInsights" name="test_non_admin_403" time="0.117" /><testcase classname="backend.tests.test_iter61_batch5.TestAdminInsights" name="test_admin_get_cached" time="0.388" /><testcase classname="backend.tests.test_iter61_batch5.TestAdminInsights" name="test_admin_analyze" time="42.685" /><testcase classname="backend.tests.test_iter61_batch5.TestHomeownerNotifications" name="test_co_send_creates_homeowner_notification" time="1.648" /><testcase classname="backend.tests.test_iter61_batch5.TestHomeownerNotifications" name="test_payment_request_creates_homeowner_notification" time="0.913" /><testcase classname="backend.tests.test_iter61_batch5.TestPmTemplates" name="test_list_templates_includes_builtins_with_counts" time="0.054" /><testcase classname="backend.tests.test_iter61_batch5.TestPmTemplates" name="test_apply_builtin_creates_tasks_materials_payments" time="0.335" /><testcase classname="backend.tests.test_iter61_batch5.TestPmTemplates" name="test_save_project_as_template" time="0.163" /><testcase classname="backend.tests.test_iter61_batch5.TestCoToInvoiced" name="test_existing_invoiced_co_badge_present" time="0.062"><failure message="AttributeError: 'list' object has no attribute 'get'">backend/tests/test_iter61_batch5.py:279: in test_existing_invoiced_co_badge_present
    cos = body.get("change_orders", body if isinstance(body, list) else [])
          ^^^^^^^^
E   AttributeError: 'list' object has no attribute 'get'</failure></testcase></testsuite></testsuites>