<?xml version="1.0" encoding="utf-8"?><testsuites name="pytest tests"><testsuite name="pytest" errors="0" failures="3" skipped="0" tests="32" time="24.015" timestamp="2026-06-02T11:42:35.425383+00:00" hostname="agent-env-2a858b91-5b80-42e1-86b7-27fd79937ed8"><testcase classname="backend.tests.test_iter44_invoice_admin_filters.TestProProfileBusinessFields" name="test_get_pro_profile_includes_business_fields" time="21.171"><failure message="AssertionError: business_address missing in /api/profile/pro response keys=['id', '_id', 'user_id', 'business_name', 'tagline', 'description', 'hourly_rate', 'years_experience', 'service_categories', 'service_areas', 'portfolio_photos', 'is_verified', 'is_licensed', 'is_insured', 'plan_tier', 'card_last4', 'monthly_fees', 'rating_avg', 'reviews_count', 'completed_jobs_count', 'response_time_minutes', 'created_at', 'languages_spoken', 'sub_started_at', 'insurance_status', 'licence_status', 'bank_account_holder', 'bank_bic', 'bank_iban', 'bank_name', 'is_kleinunternehmer', 'has_invoice_toolkit', 'invoice_footer', 'invoice_tax_id', 'service_center_lat', 'service_center_lng', 'service_radius_km', 'has_pm_toolkit', 'has_tax_toolkit', 'invoice_template', 'logo_moderation_status', 'logo_content_type', 'logo_file_id', 'logo_uploaded_at']&#10;assert 'business_address' in {'_id': '6a14b72e05a5dee99e39fd16', 'bank_account_holder': 'Markus Weber', 'bank_bic': 'GIBAATWWXXX', 'bank_iban': 'AT611904300234573201', ...}">backend/tests/test_iter44_invoice_admin_filters.py:41: in test_get_pro_profile_includes_business_fields
    assert k in d, f"{k} missing in /api/profile/pro response keys={list(d.keys())}"
E   AssertionError: business_address missing in /api/profile/pro response keys=['id', '_id', 'user_id', 'business_name', 'tagline', 'description', 'hourly_rate', 'years_experience', 'service_categories', 'service_areas', 'portfolio_photos', 'is_verified', 'is_licensed', 'is_insured', 'plan_tier', 'card_last4', 'monthly_fees', 'rating_avg', 'reviews_count', 'completed_jobs_count', 'response_time_minutes', 'created_at', 'languages_spoken', 'sub_started_at', 'insurance_status', 'licence_status', 'bank_account_holder', 'bank_bic', 'bank_iban', 'bank_name', 'is_kleinunternehmer', 'has_invoice_toolkit', 'invoice_footer', 'invoice_tax_id', 'service_center_lat', 'service_center_lng', 'service_radius_km', 'has_pm_toolkit', 'has_tax_toolkit', 'invoice_template', 'logo_moderation_status', 'logo_content_type', 'logo_file_id', 'logo_uploaded_at']
E   assert 'business_address' in {'_id': '6a14b72e05a5dee99e39fd16', 'bank_account_holder': 'Markus Weber', 'bank_bic': 'GIBAATWWXXX', 'bank_iban': 'AT611904300234573201', ...}</failure></testcase><testcase classname="backend.tests.test_iter44_invoice_admin_filters.TestProProfileBusinessFields" name="test_patch_pro_profile_persists_business_fields" time="0.133" /><testcase classname="backend.tests.test_iter44_invoice_admin_filters.TestTemplatePreviewAddress" name="test_preview_pdf_renders" time="0.081" /><testcase classname="backend.tests.test_iter44_invoice_admin_filters.TestProInvoicesListFilters" name="test_default_list" time="0.053" /><testcase classname="backend.tests.test_iter44_invoice_admin_filters.TestProInvoicesListFilters" name="test_per_page_pagination" time="0.053" /><testcase classname="backend.tests.test_iter44_invoice_admin_filters.TestProInvoicesListFilters" name="test_per_page_50" time="0.064" /><testcase classname="backend.tests.test_iter44_invoice_admin_filters.TestProInvoicesListFilters" name="test_per_page_max_100" time="0.074" /><testcase classname="backend.tests.test_iter44_invoice_admin_filters.TestProInvoicesListFilters" name="test_per_page_over_max_rejected" time="0.068" /><testcase classname="backend.tests.test_iter44_invoice_admin_filters.TestProInvoicesListFilters" name="test_filter_by_year" time="0.055" /><testcase classname="backend.tests.test_iter44_invoice_admin_filters.TestProInvoicesListFilters" name="test_filter_by_year_month" time="0.051" /><testcase classname="backend.tests.test_iter44_invoice_admin_filters.TestProInvoicesListFilters" name="test_filter_month_without_year_ok" time="0.052" /><testcase classname="backend.tests.test_iter44_invoice_admin_filters.TestProInvoicesListFilters" name="test_filter_invalid_month" time="0.057"><failure message="assert 500 == 422&#10; +  where 500 = &lt;Response [500]&gt;.status_code">backend/tests/test_iter44_invoice_admin_filters.py:126: in test_filter_invalid_month
    assert r.status_code == 422
E   assert 500 == 422
E    +  where 500 = &lt;Response [500]&gt;.status_code</failure></testcase><testcase classname="backend.tests.test_iter44_invoice_admin_filters.TestProInvoicesListFilters" name="test_filter_payment_status_paid" time="0.053" /><testcase classname="backend.tests.test_iter44_invoice_admin_filters.TestProInvoicesListFilters" name="test_filter_payment_status_issued" time="0.051" /><testcase classname="backend.tests.test_iter44_invoice_admin_filters.TestProInvoicesListFilters" name="test_filter_search_q" time="0.050" /><testcase classname="backend.tests.test_iter44_invoice_admin_filters.TestProInvoicesStats" name="test_stats_default" time="0.099" /><testcase classname="backend.tests.test_iter44_invoice_admin_filters.TestProInvoicesStats" name="test_stats_year_filter" time="0.052" /><testcase classname="backend.tests.test_iter44_invoice_admin_filters.TestProInvoicesStats" name="test_stats_year_2099_returns_zero" time="0.051" /><testcase classname="backend.tests.test_iter44_invoice_admin_filters.TestAdminInvoicesFilters" name="test_admin_invoices_default" time="0.411" /><testcase classname="backend.tests.test_iter44_invoice_admin_filters.TestAdminInvoicesFilters" name="test_admin_invoices_status_paid" time="0.058" /><testcase classname="backend.tests.test_iter44_invoice_admin_filters.TestAdminInvoicesFilters" name="test_admin_invoices_status_unpaid" time="0.055" /><testcase classname="backend.tests.test_iter44_invoice_admin_filters.TestAdminInvoicesFilters" name="test_admin_invoices_per_page_20" time="0.052" /><testcase classname="backend.tests.test_iter44_invoice_admin_filters.TestAdminInvoicesFilters" name="test_admin_invoices_per_page_50" time="0.053" /><testcase classname="backend.tests.test_iter44_invoice_admin_filters.TestAdminInvoicesFilters" name="test_admin_invoices_per_page_100" time="0.066" /><testcase classname="backend.tests.test_iter44_invoice_admin_filters.TestAdminInvoicesFilters" name="test_admin_invoices_year_filter" time="0.053" /><testcase classname="backend.tests.test_iter44_invoice_admin_filters.TestAdminInvoicesFilters" name="test_admin_invoices_homeowner_forbidden" time="0.390" /><testcase classname="backend.tests.test_iter44_invoice_admin_filters.TestAdminJobDetails" name="test_admin_job_detail_ok" time="0.113"><failure message="AssertionError: accepted_pro missing keys=['id', '_id', 'posted_by_id', 'posted_by_name', 'title', 'category', 'description', 'country', 'city', 'budget_min', 'budget_max', 'urgency', 'status', 'accepted_pro_id', 'final_price', 'quote_count_cache', 'posted_at', 'completed_at', 'attachments', 'quote_count', 'homeowner']&#10;assert 'accepted_pro' in {'_id': '6a1d48cf63dda248e64bc95b', 'accepted_pro_id': None, 'attachments': [], 'budget_max': 200, ...}">backend/tests/test_iter44_invoice_admin_filters.py:240: in test_admin_job_detail_ok
    assert "accepted_pro" in d, f"accepted_pro missing keys={list(d.keys())}"
E   AssertionError: accepted_pro missing keys=['id', '_id', 'posted_by_id', 'posted_by_name', 'title', 'category', 'description', 'country', 'city', 'budget_min', 'budget_max', 'urgency', 'status', 'accepted_pro_id', 'final_price', 'quote_count_cache', 'posted_at', 'completed_at', 'attachments', 'quote_count', 'homeowner']
E   assert 'accepted_pro' in {'_id': '6a1d48cf63dda248e64bc95b', 'accepted_pro_id': None, 'attachments': [], 'budget_max': 200, ...}</failure></testcase><testcase classname="backend.tests.test_iter44_invoice_admin_filters.TestAdminJobDetails" name="test_admin_job_detail_404" time="0.049" /><testcase classname="backend.tests.test_iter44_invoice_admin_filters.TestAdminJobDetails" name="test_admin_job_detail_forbidden_for_homeowner" time="0.152" /><testcase classname="backend.tests.test_iter44_invoice_admin_filters.TestAdminJobDetails" name="test_admin_job_detail_forbidden_for_pro" time="0.102" /><testcase classname="backend.tests.test_iter44_invoice_admin_filters.TestRegressionSmoke" name="test_templates_list_3" time="0.051" /><testcase classname="backend.tests.test_iter44_invoice_admin_filters.TestRegressionSmoke" name="test_admin_fees_endpoint_alive" time="0.053" /></testsuite></testsuites>