<?xml version="1.0" encoding="utf-8"?><testsuites name="pytest tests"><testsuite name="pytest" errors="0" failures="0" skipped="0" tests="15" time="5.254" timestamp="2026-06-02T14:11:14.346436+00:00" hostname="agent-env-2a858b91-5b80-42e1-86b7-27fd79937ed8"><testcase classname="backend.tests.test_iter45_complaints_and_invoicing.TestComplaintFlag" name="test_pro_complaint_marks_quote_with_flag" time="0.988" /><testcase classname="backend.tests.test_iter45_complaints_and_invoicing.TestComplaintFlag" name="test_admin_resolve_writes_notification" time="1.106" /><testcase classname="backend.tests.test_iter45_complaints_and_invoicing.TestComplaintFlag" name="test_admin_patch_bad_id_400" time="0.062" /><testcase classname="backend.tests.test_iter45_complaints_and_invoicing.TestComplaintFlag" name="test_admin_patch_valid_missing_404" time="0.067" /><testcase classname="backend.tests.test_iter45_complaints_and_invoicing.TestOnlinePayments" name="test_pro_forbidden" time="0.049" /><testcase classname="backend.tests.test_iter45_complaints_and_invoicing.TestOnlinePayments" name="test_homeowner_forbidden" time="0.379" /><testcase classname="backend.tests.test_iter45_complaints_and_invoicing.TestOnlinePayments" name="test_admin_basic_shape" time="0.052" /><testcase classname="backend.tests.test_iter45_complaints_and_invoicing.TestOnlinePayments" name="test_admin_filters_and_per_page_cap" time="0.106" /><testcase classname="backend.tests.test_iter45_complaints_and_invoicing.TestInvoiceTemplates" name="test_pro_forbidden" time="0.049" /><testcase classname="backend.tests.test_iter45_complaints_and_invoicing.TestInvoiceTemplates" name="test_admin_returns_shape_and_sum" time="0.051" /><testcase classname="backend.tests.test_iter45_complaints_and_invoicing.TestPdfExports" name="test_admin_export_pdf" time="1.357" /><testcase classname="backend.tests.test_iter45_complaints_and_invoicing.TestPdfExports" name="test_admin_export_pdf_pro_forbidden" time="0.053" /><testcase classname="backend.tests.test_iter45_complaints_and_invoicing.TestPdfExports" name="test_pro_export_pdf" time="0.684" /><testcase classname="backend.tests.test_iter45_complaints_and_invoicing.TestPdfExports" name="test_pro_export_pdf_payment_status_filter" time="0.168" /><testcase classname="backend.tests.test_iter45_complaints_and_invoicing.TestPdfExports" name="test_pro_export_pdf_admin_forbidden" time="0.061" /></testsuite></testsuites>