<?xml version="1.0" encoding="utf-8"?><testsuites name="pytest tests"><testsuite name="pytest" errors="0" failures="0" skipped="0" tests="33" time="3.056" timestamp="2026-06-02T07:07:03.096462+00:00" hostname="agent-env-2a858b91-5b80-42e1-86b7-27fd79937ed8"><testcase classname="backend.tests.test_iter35_admin_tabs" name="test_admin_rbac_pro_forbidden[/api/admin/toolkits/dashboard]" time="0.399" /><testcase classname="backend.tests.test_iter35_admin_tabs" name="test_admin_rbac_pro_forbidden[/api/admin/pay-now/revenue]" time="0.049" /><testcase classname="backend.tests.test_iter35_admin_tabs" name="test_admin_rbac_pro_forbidden[/api/admin/white-label/logos]" time="0.045" /><testcase classname="backend.tests.test_iter35_admin_tabs" name="test_admin_rbac_pro_forbidden[/api/admin/share-tokens/audit]" time="0.048" /><testcase classname="backend.tests.test_iter35_admin_tabs" name="test_admin_rbac_pro_forbidden[/api/admin/tax/ocr-audit]" time="0.044" /><testcase classname="backend.tests.test_iter35_admin_tabs" name="test_admin_rbac_pro_forbidden[/api/admin/storno/audit]" time="0.046" /><testcase classname="backend.tests.test_iter35_admin_tabs" name="test_admin_rbac_pro_forbidden[/api/admin/tax/accountant-shares]" time="0.048" /><testcase classname="backend.tests.test_iter35_admin_tabs" name="test_admin_rbac_pro_forbidden[/api/admin/tax/ust-va-reminders]" time="0.044" /><testcase classname="backend.tests.test_iter35_admin_tabs" name="test_admin_rbac_pro_forbidden[/api/admin/pros?has_toolkit=1]" time="0.046" /><testcase classname="backend.tests.test_iter35_admin_tabs" name="test_admin_rbac_pro_forbidden[/api/admin/audit-log]" time="0.044" /><testcase classname="backend.tests.test_iter35_admin_tabs" name="test_admin_rbac_homeowner_forbidden[/api/admin/toolkits/dashboard]" time="0.383" /><testcase classname="backend.tests.test_iter35_admin_tabs" name="test_admin_rbac_homeowner_forbidden[/api/admin/pay-now/revenue]" time="0.055" /><testcase classname="backend.tests.test_iter35_admin_tabs" name="test_admin_rbac_homeowner_forbidden[/api/admin/white-label/logos]" time="0.056" /><testcase classname="backend.tests.test_iter35_admin_tabs" name="test_admin_rbac_homeowner_forbidden[/api/admin/share-tokens/audit]" time="0.052" /><testcase classname="backend.tests.test_iter35_admin_tabs" name="test_admin_rbac_homeowner_forbidden[/api/admin/tax/ocr-audit]" time="0.053" /><testcase classname="backend.tests.test_iter35_admin_tabs" name="test_admin_rbac_homeowner_forbidden[/api/admin/storno/audit]" time="0.052" /><testcase classname="backend.tests.test_iter35_admin_tabs" name="test_admin_rbac_homeowner_forbidden[/api/admin/tax/accountant-shares]" time="0.050" /><testcase classname="backend.tests.test_iter35_admin_tabs" name="test_admin_rbac_homeowner_forbidden[/api/admin/tax/ust-va-reminders]" time="0.053" /><testcase classname="backend.tests.test_iter35_admin_tabs" name="test_admin_rbac_homeowner_forbidden[/api/admin/pros?has_toolkit=1]" time="0.053" /><testcase classname="backend.tests.test_iter35_admin_tabs" name="test_admin_rbac_homeowner_forbidden[/api/admin/audit-log]" time="0.054" /><testcase classname="backend.tests.test_iter35_admin_tabs" name="test_toolkits_dashboard_shape" time="0.392" /><testcase classname="backend.tests.test_iter35_admin_tabs" name="test_pros_with_toolkit_list" time="0.052" /><testcase classname="backend.tests.test_iter35_admin_tabs" name="test_share_tokens_audit" time="0.053" /><testcase classname="backend.tests.test_iter35_admin_tabs" name="test_ocr_audit" time="0.053" /><testcase classname="backend.tests.test_iter35_admin_tabs" name="test_pay_now_revenue_shape" time="0.052" /><testcase classname="backend.tests.test_iter35_admin_tabs" name="test_white_label_list" time="0.061" /><testcase classname="backend.tests.test_iter35_admin_tabs" name="test_white_label_filter_pending" time="0.052" /><testcase classname="backend.tests.test_iter35_admin_tabs" name="test_white_label_approve_404_for_bad_id" time="0.057" /><testcase classname="backend.tests.test_iter35_admin_tabs" name="test_tax_dashboard_outstanding_non_negative" time="0.053" /><testcase classname="backend.tests.test_iter35_admin_tabs" name="test_tax_dashboard_revenue_summary_positive" time="0.050" /><testcase classname="backend.tests.test_iter35_admin_tabs" name="test_pay_link_enable_for_open_invoice" time="0.256" /><testcase classname="backend.tests.test_iter35_admin_tabs" name="test_pay_link_public_bad_token_404" time="0.122" /><testcase classname="backend.tests.test_iter35_admin_tabs" name="test_pay_link_status_unknown_session_404" time="0.102" /></testsuite></testsuites>