<?xml version="1.0" encoding="utf-8"?><testsuites name="pytest tests"><testsuite name="pytest" errors="0" failures="0" skipped="0" tests="7" time="1.310" timestamp="2026-05-26T11:49:57.822066+00:00" hostname="agent-env-2a858b91-5b80-42e1-86b7-27fd79937ed8"><testcase classname="backend.tests.test_iteration8_push.TestPushPublicKey" name="test_public_key_returns_base64url" time="0.143" /><testcase classname="backend.tests.test_iteration8_push.TestPushSubscribeAuth" name="test_subscribe_requires_auth" time="0.058" /><testcase classname="backend.tests.test_iteration8_push.TestPushSubscriptionLifecycle" name="test_subscribe_creates_row" time="0.384" /><testcase classname="backend.tests.test_iteration8_push.TestPushSubscriptionLifecycle" name="test_subscribe_is_upsert" time="0.048" /><testcase classname="backend.tests.test_iteration8_push.TestPushSubscriptionLifecycle" name="test_unsubscribe_removes_single_row" time="0.049" /><testcase classname="backend.tests.test_iteration8_push.TestPushTestEndpoint" name="test_push_test_zero_subs_does_not_error" time="0.103" /><testcase classname="backend.tests.test_iteration8_push.TestJobMatchDispatcher" name="test_post_job_creates_new_job_match_notification_for_pro" time="0.507" /></testsuite></testsuites>