<?xml version="1.0" encoding="utf-8"?><testsuites name="pytest tests"><testsuite name="pytest" errors="0" failures="0" skipped="0" tests="28" time="3.632" timestamp="2026-06-02T17:16:43.026419+00:00" hostname="agent-env-6c9498b9-3cf4-4308-bc3c-6a9436755c62"><testcase classname="backend.tests.test_iter48_billing_overhaul.TestSubscriptionStatus" name="test_subscription_status_200" time="0.459" /><testcase classname="backend.tests.test_iter48_billing_overhaul.TestSubscriptionStatus" name="test_subscription_status_has_required_fields" time="0.059" /><testcase classname="backend.tests.test_iter48_billing_overhaul.TestSubscriptionStatus" name="test_subscription_status_sub_valid_until_field" time="0.054" /><testcase classname="backend.tests.test_iter48_billing_overhaul.TestSubscriptionStatus" name="test_subscription_status_403_for_homeowner" time="0.459" /><testcase classname="backend.tests.test_iter48_billing_overhaul.TestSubscriptionStatus" name="test_subscription_status_sub_cancels_at_field" time="0.051" /><testcase classname="backend.tests.test_iter48_billing_overhaul.TestTransactionsDisplayLabel" name="test_transactions_200" time="0.057" /><testcase classname="backend.tests.test_iter48_billing_overhaul.TestTransactionsDisplayLabel" name="test_transactions_have_display_label" time="0.052" /><testcase classname="backend.tests.test_iter48_billing_overhaul.TestTransactionsDisplayLabel" name="test_transactions_display_label_values" time="0.055" /><testcase classname="backend.tests.test_iter48_billing_overhaul.TestTransactionsDisplayLabel" name="test_transactions_structure" time="0.052" /><testcase classname="backend.tests.test_iter48_billing_overhaul.TestSubscriptionCheckoutAnnual" name="test_annual_checkout_200" time="0.517" /><testcase classname="backend.tests.test_iter48_billing_overhaul.TestSubscriptionCheckoutAnnual" name="test_annual_checkout_url_or_reuse" time="0.055" /><testcase classname="backend.tests.test_iter48_billing_overhaul.TestSubscriptionCheckoutAnnual" name="test_invalid_billing_period_returns_400" time="0.051" /><testcase classname="backend.tests.test_iter48_billing_overhaul.TestSubscriptionCheckoutAnnual" name="test_monthly_checkout_200" time="0.052" /><testcase classname="backend.tests.test_iter48_billing_overhaul.TestDoubleClickGuard" name="test_double_click_guard" time="0.107" /><testcase classname="backend.tests.test_iter48_billing_overhaul.TestCancelSubscription" name="test_cancel_subscription_standard_plan_400" time="0.108" /><testcase classname="backend.tests.test_iter48_billing_overhaul.TestCancelSubscription" name="test_cancel_subscription_homeowner_403" time="0.063" /><testcase classname="backend.tests.test_iter48_billing_overhaul.TestTrialStart" name="test_trial_start_already_subscribed_400" time="0.055" /><testcase classname="backend.tests.test_iter48_billing_overhaul.TestTrialStart" name="test_trial_start_homeowner_403" time="0.052" /><testcase classname="backend.tests.test_iter48_billing_overhaul.TestTrialStart" name="test_trial_start_fresh_account" time="0.640" /><testcase classname="backend.tests.test_iter48_billing_overhaul.TestCustomerPortal" name="test_customer_portal_no_stripe_customer_400" time="0.103" /><testcase classname="backend.tests.test_iter48_billing_overhaul.TestCustomerPortal" name="test_customer_portal_homeowner_403" time="0.058" /><testcase classname="backend.tests.test_iter48_billing_overhaul.TestFeeLog" name="test_fee_log_all_200" time="0.055" /><testcase classname="backend.tests.test_iter48_billing_overhaul.TestFeeLog" name="test_fee_log_pending_filter" time="0.053" /><testcase classname="backend.tests.test_iter48_billing_overhaul.TestFeeLog" name="test_fee_log_paid_filter" time="0.057" /><testcase classname="backend.tests.test_iter48_billing_overhaul.TestFeeLog" name="test_fee_log_invalid_filter_returns_all" time="0.116" /><testcase classname="backend.tests.test_iter48_billing_overhaul.TestFeeLog" name="test_fee_log_homeowner_403" time="0.049" /><testcase classname="backend.tests.test_iter48_billing_overhaul.TestPricingMath" name="test_pricing_endpoint_has_pro" time="0.062" /><testcase classname="backend.tests.test_iter48_billing_overhaul.TestPricingMath" name="test_annual_checkout_amount_is_correct" time="0.049" /></testsuite></testsuites>