<?xml version="1.0" encoding="utf-8"?><testsuites name="pytest tests"><testsuite name="pytest" errors="0" failures="0" skipped="1" tests="8" time="11.993" timestamp="2026-05-26T08:06:37.782978+00:00" hostname="agent-env-2a858b91-5b80-42e1-86b7-27fd79937ed8"><testcase classname="tests.test_iteration4.TestLanguagesSpoken" name="test_patch_languages_spoken_persists" time="0.579" /><testcase classname="tests.test_iteration4.TestLanguagesSpoken" name="test_patch_languages_spoken_replace" time="0.095" /><testcase classname="tests.test_iteration4.TestLanguagesSpoken" name="test_patch_languages_spoken_empty" time="0.091" /><testcase classname="tests.test_iteration4.TestLanguagesSpoken" name="test_patch_other_fields_unaffected" time="0.143" /><testcase classname="tests.test_iteration4.TestPortfolioRegression" name="test_portfolio_upload_and_delete" time="0.305" /><testcase classname="tests.test_iteration4.TestBookingsRegression" name="test_create_booking_and_ical" time="0.407"><skipped type="pytest.skip" message="No in_progress job available for booking regression">/app/backend/tests/test_iteration4.py:107: No in_progress job available for booking regression</skipped></testcase><testcase classname="tests.test_iteration4.TestSSERegression" name="test_sse_hello_frame" time="6.056" /><testcase classname="tests.test_iteration4.TestAIRateLimitRegression" name="test_classify_either_200_or_429" time="4.290" /></testsuite></testsuites>