<?xml version="1.0" encoding="utf-8"?><testsuites name="pytest tests"><testsuite name="pytest" errors="0" failures="0" skipped="0" tests="20" time="49.055" timestamp="2026-06-02T14:40:54.810295+00:00" hostname="agent-env-6c9498b9-3cf4-4308-bc3c-6a9436755c62"><testcase classname="backend.tests.test_iter46_bic_datev.TestEpcQrBicUnit" name="test_9char_bic_does_not_raise" time="0.101" /><testcase classname="backend.tests.test_iter46_bic_datev.TestEpcQrBicUnit" name="test_8char_bic_works" time="0.006" /><testcase classname="backend.tests.test_iter46_bic_datev.TestEpcQrBicUnit" name="test_11char_bic_works" time="0.006" /><testcase classname="backend.tests.test_iter46_bic_datev.TestEpcQrBicUnit" name="test_none_bic_works" time="0.005" /><testcase classname="backend.tests.test_iter46_bic_datev.TestEpcQrBicUnit" name="test_invalid_iban_raises" time="0.000" /><testcase classname="backend.tests.test_iter46_bic_datev.TestBicValidationApi" name="test_9char_bic_returns_400" time="47.745" /><testcase classname="backend.tests.test_iter46_bic_datev.TestBicValidationApi" name="test_8char_bic_accepted" time="0.061" /><testcase classname="backend.tests.test_iter46_bic_datev.TestBicValidationApi" name="test_11char_bic_accepted" time="0.057" /><testcase classname="backend.tests.test_iter46_bic_datev.TestBicValidationApi" name="test_restore_original_bic" time="0.057" /><testcase classname="backend.tests.test_iter46_bic_datev.TestBicValidationApi" name="test_bic_validation_requires_auth" time="0.161" /><testcase classname="backend.tests.test_iter46_bic_datev.TestDatevExportApi" name="test_datev_full_year_returns_200" time="0.072" /><testcase classname="backend.tests.test_iter46_bic_datev.TestDatevExportApi" name="test_datev_full_year_content_type_csv" time="0.062" /><testcase classname="backend.tests.test_iter46_bic_datev.TestDatevExportApi" name="test_datev_full_year_first_line_extf" time="0.060" /><testcase classname="backend.tests.test_iter46_bic_datev.TestDatevExportApi" name="test_datev_full_year_second_line_german_headers" time="0.057" /><testcase classname="backend.tests.test_iter46_bic_datev.TestDatevExportApi" name="test_datev_quarter_q1_returns_200" time="0.084" /><testcase classname="backend.tests.test_iter46_bic_datev.TestDatevExportApi" name="test_datev_quarter_q1_first_line_extf" time="0.059" /><testcase classname="backend.tests.test_iter46_bic_datev.TestDatevExportApi" name="test_datev_export_requires_auth" time="0.049" /><testcase classname="backend.tests.test_iter46_bic_datev.TestDatevExportApi" name="test_datev_quarter_variants" time="0.244" /><testcase classname="backend.tests.test_iter46_bic_datev.TestDatevExportApi" name="test_datev_bom_encoding" time="0.060" /><testcase classname="backend.tests.test_iter46_bic_datev.TestDatevExportApi" name="test_datev_content_disposition" time="0.056" /></testsuite></testsuites>