<?xml version="1.0" encoding="utf-8"?><testsuites name="pytest tests"><testsuite name="pytest" errors="0" failures="1" skipped="0" tests="10" time="29.076" timestamp="2026-06-09T17:43:02.363834+00:00" hostname="agent-env-6193ca59-4eb8-4cfa-ab0c-ccc9dfcae7fa"><testcase classname="backend.tests.test_iter60_homeowner_my_projects.TestList" name="test_list_returns_homeowner_projects" time="20.088" /><testcase classname="backend.tests.test_iter60_homeowner_my_projects.TestList" name="test_pro_cannot_list_homeowner_projects" time="7.637" /><testcase classname="backend.tests.test_iter60_homeowner_my_projects.TestDetail" name="test_detail_has_job_and_pro_user" time="0.091" /><testcase classname="backend.tests.test_iter60_homeowner_my_projects.TestDetail" name="test_detail_unknown_id_404" time="0.057" /><testcase classname="backend.tests.test_iter60_homeowner_my_projects.TestDetail" name="test_pro_cannot_get_homeowner_detail" time="0.060" /><testcase classname="backend.tests.test_iter60_homeowner_my_projects.TestChangeOrderActionParity" name="test_homeowner_approves_co_increases_total" time="0.321" /><testcase classname="backend.tests.test_iter60_homeowner_my_projects.TestChangeOrderActionParity" name="test_homeowner_rejects_co" time="0.243" /><testcase classname="backend.tests.test_iter60_homeowner_my_projects.TestChangeOrderActionParity" name="test_reapproving_already_decided_co_400" time="0.244" /><testcase classname="backend.tests.test_iter60_homeowner_my_projects.TestClientPaid" name="test_mark_payment_paid" time="0.216" /><testcase classname="backend.tests.test_iter60_homeowner_my_projects.TestClientPaid" name="test_pro_cannot_call_homeowner_action" time="0.059"><failure message="assert 422 == 403&#10; +  where 422 = &lt;Response [422]&gt;.status_code">backend/tests/test_iter60_homeowner_my_projects.py:177: in test_pro_cannot_call_homeowner_action
    assert r.status_code == 403
E   assert 422 == 403
E    +  where 422 = &lt;Response [422]&gt;.status_code</failure></testcase></testsuite></testsuites>