<?xml version="1.0" encoding="utf-8"?><testsuites name="pytest tests"><testsuite name="pytest" errors="0" failures="0" skipped="0" tests="10" time="1.721" timestamp="2026-06-02T07:53:18.654496+00:00" hostname="agent-env-2a858b91-5b80-42e1-86b7-27fd79937ed8"><testcase classname="backend.tests.test_iter39_admin_fees.TestAdminJobFees" name="test_list_job_fees_admin_ok" time="0.479" /><testcase classname="backend.tests.test_iter39_admin_fees.TestAdminJobFees" name="test_list_job_fees_unknown_job_returns_empty" time="0.064" /><testcase classname="backend.tests.test_iter39_admin_fees.TestAdminJobFees" name="test_list_job_fees_non_admin_forbidden" time="0.374" /><testcase classname="backend.tests.test_iter39_admin_fees.TestAdminJobFees" name="test_list_job_fees_homeowner_forbidden" time="0.388" /><testcase classname="backend.tests.test_iter39_admin_fees.TestAdminFeePatch" name="test_patch_fee_bad_id_404" time="0.054" /><testcase classname="backend.tests.test_iter39_admin_fees.TestAdminFeePatch" name="test_patch_fee_negative_amount_400" time="0.050" /><testcase classname="backend.tests.test_iter39_admin_fees.TestAdminFeePatch" name="test_patch_fee_empty_reason_422" time="0.063" /><testcase classname="backend.tests.test_iter39_admin_fees.TestAdminFeePatch" name="test_patch_fee_edit_amount_ok" time="0.101" /><testcase classname="backend.tests.test_iter39_admin_fees.TestAdminFeePatch" name="test_patch_fee_cancel_decrements_monthly_fees" time="0.054" /><testcase classname="backend.tests.test_iter39_admin_fees.TestReportProblemSupport" name="test_pro_can_file_support_ticket_with_job" time="0.055" /></testsuite></testsuites>