<?xml version="1.0" encoding="utf-8"?><testsuites name="pytest tests"><testsuite name="pytest" errors="0" failures="0" skipped="0" tests="28" time="12.937" timestamp="2026-05-28T11:43:39.535117+00:00" hostname="agent-env-2a858b91-5b80-42e1-86b7-27fd79937ed8"><testcase classname="backend.tests.test_iter16_quotes_thread" name="test_quotes_enriched_payload" time="0.495" /><testcase classname="backend.tests.test_iter16_quotes_thread" name="test_quotes_status_buckets" time="0.064" /><testcase classname="backend.tests.test_iter16_quotes_thread" name="test_thread_for_pro_exposes_other_pro_id" time="0.126" /><testcase classname="backend.tests.test_iter12_attachments.TestGenericUpload" name="test_upload_jpeg_works" time="0.499" /><testcase classname="backend.tests.test_iter12_attachments.TestGenericUpload" name="test_upload_pdf_works" time="0.397" /><testcase classname="backend.tests.test_iter12_attachments.TestGenericUpload" name="test_upload_rejects_disallowed_mime" time="0.390" /><testcase classname="backend.tests.test_iter12_attachments.TestGenericUpload" name="test_upload_rejects_oversize" time="0.807" /><testcase classname="backend.tests.test_iter12_attachments.TestGenericUpload" name="test_upload_requires_auth" time="0.109" /><testcase classname="backend.tests.test_iter12_attachments.TestJobAttachments" name="test_post_job_with_attachments" time="0.731" /><testcase classname="backend.tests.test_iter12_attachments.TestJobAttachments" name="test_post_job_rejects_too_many_attachments" time="0.439" /><testcase classname="backend.tests.test_iter12_attachments.TestMessageAttachments" name="test_send_message_with_image_attachment" time="0.815" /><testcase classname="backend.tests.test_iter12_attachments.TestOneHourSlotMigration" name="test_seed_uses_one_hour_slots" time="0.002" /><testcase classname="backend.tests.test_iter11_pro_analytics.TestProInsightsShape" name="test_pro_insights_returns_200_with_all_required_keys" time="0.384" /><testcase classname="backend.tests.test_iter11_pro_analytics.TestProInsightsShape" name="test_pro_insights_homeowner_forbidden" time="0.414" /><testcase classname="backend.tests.test_iter11_pro_analytics.TestProInsightsPlanTier" name="test_plan_tier_reflects_mongo_value" time="0.158" /><testcase classname="backend.tests.test_iter11_pro_analytics.TestProsListPriority" name="test_pros_endpoint_returns_pro_tier_first_when_promoted" time="0.054" /><testcase classname="backend.tests.test_iter11_pro_analytics.TestBillingBenefits" name="test_billing_endpoint_or_returns_200" time="0.119" /><testcase classname="backend.tests.test_iter10_pro_perks.TestProTierPortfolioCap" name="test_pro_tier_cap_is_30_in_response" time="0.553" /><testcase classname="backend.tests.test_iter10_pro_perks.TestProTierFeaturedSort" name="test_pros_list_sorts_pro_tier_first" time="0.429" /><testcase classname="backend.tests.test_iteration9.TestNotificationsClear" name="test_clear_all_notifications" time="2.360" /><testcase classname="backend.tests.test_iteration9.TestNextInvoice" name="test_pro_next_invoice" time="0.056" /><testcase classname="backend.tests.test_iteration9.TestNextInvoice" name="test_homeowner_forbidden" time="0.046" /><testcase classname="backend.tests.test_iteration9.TestAdminRunMonthly" name="test_admin_ok" time="0.394" /><testcase classname="backend.tests.test_iteration9.TestAdminRunMonthly" name="test_non_admin_forbidden" time="0.050" /><testcase classname="backend.tests.test_iteration9.TestProEndpointsBookings" name="test_pros_detail_has_bookings_and_avail" time="0.202" /><testcase classname="backend.tests.test_iteration9.TestProEndpointsBookings" name="test_pros_bookings_endpoint" time="0.152" /><testcase classname="backend.tests.test_iteration9.TestFeeDueAt" name="test_quote_accept_stamps_due_at" time="0.269" /><testcase classname="backend.tests.test_iteration9.TestPushPlanTier" name="test_standard_pro_no_instant_match" time="2.307" /></testsuite></testsuites>