<?xml version="1.0" encoding="utf-8"?><testsuites name="pytest tests"><testsuite name="pytest" errors="0" failures="0" skipped="0" tests="3" time="0.983" timestamp="2026-06-10T15:17:56.186909+00:00" hostname="agent-env-6193ca59-4eb8-4cfa-ab0c-ccc9dfcae7fa"><testcase classname="backend.tests.test_iter62_material_photos" name="test_uploads_file_returns_url" time="0.479" /><testcase classname="backend.tests.test_iter62_material_photos" name="test_material_photos_full_flow" time="0.388" /><testcase classname="backend.tests.test_iter62_material_photos" name="test_upload_rejects_non_image_text" time="0.087" /></testsuite></testsuites>