<?xml version="1.0" encoding="utf-8"?><testsuites name="pytest tests"><testsuite name="pytest" errors="0" failures="0" skipped="0" tests="10" time="28.619" timestamp="2026-05-29T09:44:12.098214+00:00" hostname="agent-env-2a858b91-5b80-42e1-86b7-27fd79937ed8"><testcase classname="backend.tests.test_iter19_job_edit_and_reviews.TestJobEdit" name="test_edit_open_job_basic_fields" time="27.550" /><testcase classname="backend.tests.test_iter19_job_edit_and_reviews.TestJobEdit" name="test_edit_attachments_max5" time="0.103" /><testcase classname="backend.tests.test_iter19_job_edit_and_reviews.TestJobEdit" name="test_edit_budget_max_less_than_min_fails" time="0.051" /><testcase classname="backend.tests.test_iter19_job_edit_and_reviews.TestJobEdit" name="test_edit_title_too_short_fails" time="0.050" /><testcase classname="backend.tests.test_iter19_job_edit_and_reviews.TestJobEdit" name="test_pro_cannot_edit_homeowner_job" time="0.397" /><testcase classname="backend.tests.test_iter19_job_edit_and_reviews.TestJobEdit" name="test_unauth_cannot_edit" time="0.107" /><testcase classname="backend.tests.test_iter19_job_edit_and_reviews.TestJobEdit" name="test_non_existent_job_404" time="0.053" /><testcase classname="backend.tests.test_iter19_job_edit_and_reviews.TestJobEdit" name="test_cannot_edit_non_open_job" time="0.111" /><testcase classname="backend.tests.test_iter19_job_edit_and_reviews.TestProDetailReviews" name="test_pro_detail_loads_with_reviews" time="0.056" /><testcase classname="backend.tests.test_iter19_job_edit_and_reviews.TestProDetailReviews" name="test_reviews_limit_up_to_50" time="0.104" /></testsuite></testsuites>