<?xml version="1.0" encoding="utf-8"?><testsuites name="pytest tests"><testsuite name="pytest" errors="0" failures="2" skipped="0" tests="56" time="28.297" timestamp="2026-05-26T02:55:45.800356+00:00" hostname="agent-env-2a858b91-5b80-42e1-86b7-27fd79937ed8"><testcase classname="tests.test_iteration2.TestAIClassify" name="test_classify_homeowner_plumbing" time="0.496"><failure message="AssertionError: classify-job failed: 429 {&quot;detail&quot;:&quot;Rate limit exceeded. Try again in ~3572s.&quot;}&#10;assert 429 == 200&#10; +  where 429 = &lt;Response [429]&gt;.status_code">E   AssertionError: classify-job failed: 429 {"detail":"Rate limit exceeded. Try again in ~3572s."}
    assert 429 == 200
     +  where 429 = &lt;Response [429]&gt;.status_code</failure></testcase><testcase classname="tests.test_iteration2.TestAIClassify" name="test_classify_role_guard_pro_forbidden" time="0.384" /><testcase classname="tests.test_iteration2.TestQuoteAcceptFlow" name="test_create_quote_does_not_log_fee_yet" time="0.159" /><testcase classname="tests.test_iteration2.TestQuoteAcceptFlow" name="test_accept_quote_flow" time="0.164" /><testcase classname="tests.test_iteration2.TestShareLocationAndContact" name="test_share_location_requires_in_progress" time="0.117" /><testcase classname="tests.test_iteration2.TestShareLocationAndContact" name="test_share_location_in_progress" time="0.296" /><testcase classname="tests.test_iteration2.TestShareLocationAndContact" name="test_contact_endpoint_returns_pro_and_homeowner" time="0.058" /><testcase classname="tests.test_iteration2.TestShareLocationAndContact" name="test_contact_pre_acceptance_forbidden" time="0.122" /><testcase classname="tests.test_iteration2.TestPortfolio" name="test_upload_and_delete" time="0.104"><failure message="AssertionError: upload 0 failed: {&quot;detail&quot;:[{&quot;type&quot;:&quot;missing&quot;,&quot;loc&quot;:[&quot;body&quot;,&quot;file&quot;],&quot;msg&quot;:&quot;Field required&quot;,&quot;input&quot;:null,&quot;url&quot;:&quot;https://errors.pydantic.dev/2.13/v/missing&quot;}]}&#10;assert 422 == 200&#10; +  where 422 = &lt;Response [422]&gt;.status_code">E   AssertionError: upload 0 failed: {"detail":[{"type":"missing","loc":["body","file"],"msg":"Field required","input":null,"url":"https://errors.pydantic.dev/2.13/v/missing"}]}
    assert 422 == 200
     +  where 422 = &lt;Response [422]&gt;.status_code</failure></testcase><testcase classname="tests.test_iteration2.TestBillingIter2" name="test_cancel_subscription_when_standard_returns_400" time="0.093" /><testcase classname="tests.test_iteration2.TestBillingIter2" name="test_pay_outstanding" time="0.720" /><testcase classname="tests.test_iteration2.TestSearchAndThread" name="test_search_q_sink" time="0.059" /><testcase classname="tests.test_iteration2.TestSearchAndThread" name="test_thread_returns_other_pro_id" time="0.126" /><testcase classname="tests.test_iteration3.TestPortfolio" name="test_upload_png_succeeds" time="0.232" /><testcase classname="tests.test_iteration3.TestPortfolio" name="test_unknown_file_id_404" time="0.152" /><testcase classname="tests.test_iteration3.TestPortfolio" name="test_reject_bad_content_type" time="0.048" /><testcase classname="tests.test_iteration3.TestPortfolio" name="test_reject_oversize" time="0.286" /><testcase classname="tests.test_iteration3.TestPortfolio" name="test_delete_removes_from_gridfs" time="0.256" /><testcase classname="tests.test_iteration3.TestPortfolio" name="test_max_10_enforced" time="1.191" /><testcase classname="tests.test_iteration3.TestIcal" name="test_ical_contains_required_lines" time="0.403" /><testcase classname="tests.test_iteration3.TestIcal" name="test_ical_non_participant_403" time="0.405" /><testcase classname="tests.test_iteration3.TestIcal" name="test_ical_404" time="0.064" /><testcase classname="tests.test_iteration3.TestIcal" name="test_booking_message_has_booking_id" time="0.107" /><testcase classname="tests.test_iteration3.TestBookingDateFallback" name="test_create_booking_without_date" time="0.159" /><testcase classname="tests.test_iteration3.TestSSE" name="test_sse_headers_and_events" time="18.103" /><testcase classname="tests.test_iteration3.TestAIRateLimit" name="test_exceeds_20_returns_429" time="0.058" /><testcase classname="tests.test_servicemarket_api.TestHealthAndAuth" name="test_health" time="0.047" /><testcase classname="tests.test_servicemarket_api.TestHealthAndAuth" name="test_login_returns_id_and_underscore_id" time="0.272" /><testcase classname="tests.test_servicemarket_api.TestHealthAndAuth" name="test_me_endpoint_has_id_and_underscore_id" time="0.058" /><testcase classname="tests.test_servicemarket_api.TestHealthAndAuth" name="test_invalid_login" time="0.350" /><testcase classname="tests.test_servicemarket_api.TestHealthAndAuth" name="test_register_and_logout" time="0.397" /><testcase classname="tests.test_servicemarket_api.TestHealthAndAuth" name="test_refresh_token" time="0.377" /><testcase classname="tests.test_servicemarket_api.TestCategories" name="test_get_categories" time="0.057" /><testcase classname="tests.test_servicemarket_api.TestJobs" name="test_create_job" time="0.057" /><testcase classname="tests.test_servicemarket_api.TestJobs" name="test_list_my_jobs" time="0.062" /><testcase classname="tests.test_servicemarket_api.TestJobs" name="test_get_job_detail" time="0.060" /><testcase classname="tests.test_servicemarket_api.TestJobs" name="test_patch_job_status" time="0.058" /><testcase classname="tests.test_servicemarket_api.TestPros" name="test_list_pros" time="0.057" /><testcase classname="tests.test_servicemarket_api.TestPros" name="test_get_pro_detail" time="0.074" /><testcase classname="tests.test_servicemarket_api.TestQuotes" name="test_pro_creates_quote" time="0.236" /><testcase classname="tests.test_servicemarket_api.TestMessagesAndTranslate" name="test_threads" time="0.068" /><testcase classname="tests.test_servicemarket_api.TestMessagesAndTranslate" name="test_translate_de_to_en" time="0.299" /><testcase classname="tests.test_servicemarket_api.TestBilling" name="test_transactions" time="0.074" /><testcase classname="tests.test_servicemarket_api.TestBilling" name="test_fee_log" time="0.078" /><testcase classname="tests.test_servicemarket_api.TestBilling" name="test_subscription_checkout_returns_url" time="0.469" /><testcase classname="tests.test_servicemarket_api.TestAdmin" name="test_admin_stats" time="0.053" /><testcase classname="tests.test_servicemarket_api.TestAdmin" name="test_admin_verifications" time="0.046" /><testcase classname="tests.test_servicemarket_api.TestAdmin" name="test_admin_users" time="0.050" /><testcase classname="tests.test_servicemarket_api.TestAdmin" name="test_admin_forbidden_for_homeowner" time="0.057" /><testcase classname="tests.test_servicemarket_api.TestProfile" name="test_patch_profile" time="0.055" /><testcase classname="tests.test_servicemarket_api.TestProfile" name="test_patch_pro_profile" time="0.052" /><testcase classname="tests.test_servicemarket_api.TestSavedPros" name="test_save_and_unsave" time="0.199" /><testcase classname="tests.test_servicemarket_api.TestAvailability" name="test_get_pro_availability" time="0.055" /><testcase classname="tests.test_servicemarket_api.TestAvailability" name="test_put_availability" time="0.053" /><testcase classname="tests.test_servicemarket_api.TestNotifications" name="test_get_notifications" time="0.054" /><testcase classname="tests.test_servicemarket_api.TestNotifications" name="test_mark_read_all" time="0.059" /></testsuite></testsuites>